mode: set
github.com/nexg/pg-flux/cmd/pg-flux/main.go:52.53,54.16 2 1
github.com/nexg/pg-flux/cmd/pg-flux/main.go:54.16,55.25 1 1
github.com/nexg/pg-flux/cmd/pg-flux/main.go:55.25,57.4 1 1
github.com/nexg/pg-flux/cmd/pg-flux/main.go:58.3,58.53 1 0
github.com/nexg/pg-flux/cmd/pg-flux/main.go:60.2,61.46 2 1
github.com/nexg/pg-flux/cmd/pg-flux/main.go:61.46,63.3 1 1
github.com/nexg/pg-flux/cmd/pg-flux/main.go:64.2,64.16 1 1
github.com/nexg/pg-flux/cmd/pg-flux/main.go:71.13,72.44 1 0
github.com/nexg/pg-flux/cmd/pg-flux/main.go:72.44,73.39 1 0
github.com/nexg/pg-flux/cmd/pg-flux/main.go:73.39,75.4 1 0
github.com/nexg/pg-flux/cmd/pg-flux/main.go:76.3,77.13 2 0
github.com/nexg/pg-flux/cmd/pg-flux/main.go:81.31,98.70 17 1
github.com/nexg/pg-flux/cmd/pg-flux/main.go:98.70,100.17 2 1
github.com/nexg/pg-flux/cmd/pg-flux/main.go:100.17,102.4 1 0
github.com/nexg/pg-flux/cmd/pg-flux/main.go:103.3,106.80 2 1
github.com/nexg/pg-flux/cmd/pg-flux/main.go:106.80,108.4 1 0
github.com/nexg/pg-flux/cmd/pg-flux/main.go:109.3,109.59 1 1
github.com/nexg/pg-flux/cmd/pg-flux/main.go:109.59,111.4 1 0
github.com/nexg/pg-flux/cmd/pg-flux/main.go:112.3,112.13 1 1
github.com/nexg/pg-flux/cmd/pg-flux/main.go:114.2,115.10 2 1
github.com/nexg/pg-flux/cmd/pg-flux/main.go:118.30,119.42 1 1
github.com/nexg/pg-flux/cmd/pg-flux/main.go:119.42,121.3 1 1
github.com/nexg/pg-flux/cmd/pg-flux/main.go:122.2,123.52 2 1
github.com/nexg/pg-flux/cmd/pg-flux/main.go:123.52,124.41 1 1
github.com/nexg/pg-flux/cmd/pg-flux/main.go:124.41,126.4 1 1
github.com/nexg/pg-flux/cmd/pg-flux/main.go:128.2,128.10 1 1
github.com/nexg/pg-flux/cmd/pg-flux/main.go:131.49,136.2 1 1
github.com/nexg/pg-flux/cmd/pg-flux/main.go:138.31,144.55 3 1
github.com/nexg/pg-flux/cmd/pg-flux/main.go:144.55,145.50 1 1
github.com/nexg/pg-flux/cmd/pg-flux/main.go:145.50,147.5 1 0
github.com/nexg/pg-flux/cmd/pg-flux/main.go:148.4,148.60 1 1
github.com/nexg/pg-flux/cmd/pg-flux/main.go:148.60,150.5 1 0
github.com/nexg/pg-flux/cmd/pg-flux/main.go:151.4,151.135 1 1
github.com/nexg/pg-flux/cmd/pg-flux/main.go:151.135,153.5 1 0
github.com/nexg/pg-flux/cmd/pg-flux/main.go:154.4,154.88 1 1
github.com/nexg/pg-flux/cmd/pg-flux/main.go:154.88,156.5 1 1
github.com/nexg/pg-flux/cmd/pg-flux/main.go:157.4,157.14 1 1
github.com/nexg/pg-flux/cmd/pg-flux/main.go:157.14,160.5 2 0
github.com/nexg/pg-flux/cmd/pg-flux/main.go:161.4,162.14 2 1
github.com/nexg/pg-flux/cmd/pg-flux/main.go:165.2,168.10 4 1
github.com/nexg/pg-flux/cmd/pg-flux/main.go:171.31,175.55 1 1
github.com/nexg/pg-flux/cmd/pg-flux/main.go:175.55,177.18 2 1
github.com/nexg/pg-flux/cmd/pg-flux/main.go:177.18,179.5 1 0
github.com/nexg/pg-flux/cmd/pg-flux/main.go:180.4,183.18 4 1
github.com/nexg/pg-flux/cmd/pg-flux/main.go:183.18,185.5 1 0
github.com/nexg/pg-flux/cmd/pg-flux/main.go:186.4,188.18 3 1
github.com/nexg/pg-flux/cmd/pg-flux/main.go:188.18,190.5 1 0
github.com/nexg/pg-flux/cmd/pg-flux/main.go:191.4,192.18 2 1
github.com/nexg/pg-flux/cmd/pg-flux/main.go:192.18,194.5 1 0
github.com/nexg/pg-flux/cmd/pg-flux/main.go:195.4,196.18 2 1
github.com/nexg/pg-flux/cmd/pg-flux/main.go:196.18,198.5 1 0
github.com/nexg/pg-flux/cmd/pg-flux/main.go:199.4,199.23 1 1
github.com/nexg/pg-flux/cmd/pg-flux/main.go:199.23,200.21 1 1
github.com/nexg/pg-flux/cmd/pg-flux/main.go:200.21,201.101 1 0
github.com/nexg/pg-flux/cmd/pg-flux/main.go:201.101,203.7 1 0
github.com/nexg/pg-flux/cmd/pg-flux/main.go:204.11,204.31 1 1
github.com/nexg/pg-flux/cmd/pg-flux/main.go:204.31,205.87 1 0
github.com/nexg/pg-flux/cmd/pg-flux/main.go:205.87,207.7 1 0
github.com/nexg/pg-flux/cmd/pg-flux/main.go:208.11,209.85 1 1
github.com/nexg/pg-flux/cmd/pg-flux/main.go:209.85,211.7 1 0
github.com/nexg/pg-flux/cmd/pg-flux/main.go:214.4,217.30 4 1
github.com/nexg/pg-flux/cmd/pg-flux/main.go:217.30,219.5 1 1
github.com/nexg/pg-flux/cmd/pg-flux/main.go:220.4,221.41 2 1
github.com/nexg/pg-flux/cmd/pg-flux/main.go:221.41,223.5 1 0
github.com/nexg/pg-flux/cmd/pg-flux/main.go:224.4,224.41 1 1
github.com/nexg/pg-flux/cmd/pg-flux/main.go:224.41,226.5 1 1
github.com/nexg/pg-flux/cmd/pg-flux/main.go:227.4,227.41 1 1
github.com/nexg/pg-flux/cmd/pg-flux/main.go:227.41,229.5 1 0
github.com/nexg/pg-flux/cmd/pg-flux/main.go:230.4,230.14 1 1
github.com/nexg/pg-flux/cmd/pg-flux/main.go:235.32,241.55 3 1
github.com/nexg/pg-flux/cmd/pg-flux/main.go:241.55,243.18 2 1
github.com/nexg/pg-flux/cmd/pg-flux/main.go:243.18,245.5 1 0
github.com/nexg/pg-flux/cmd/pg-flux/main.go:246.4,247.41 2 1
github.com/nexg/pg-flux/cmd/pg-flux/main.go:247.41,249.5 1 0
github.com/nexg/pg-flux/cmd/pg-flux/main.go:250.4,253.18 4 1
github.com/nexg/pg-flux/cmd/pg-flux/main.go:253.18,255.5 1 0
github.com/nexg/pg-flux/cmd/pg-flux/main.go:256.4,261.6 2 1
github.com/nexg/pg-flux/cmd/pg-flux/main.go:264.2,266.10 3 1
github.com/nexg/pg-flux/cmd/pg-flux/main.go:269.32,274.55 1 1
github.com/nexg/pg-flux/cmd/pg-flux/main.go:274.55,276.18 2 1
github.com/nexg/pg-flux/cmd/pg-flux/main.go:276.18,278.5 1 0
github.com/nexg/pg-flux/cmd/pg-flux/main.go:279.4,280.30 2 1
github.com/nexg/pg-flux/cmd/pg-flux/main.go:280.30,281.128 1 0
github.com/nexg/pg-flux/cmd/pg-flux/main.go:281.128,283.6 1 0
github.com/nexg/pg-flux/cmd/pg-flux/main.go:284.5,284.23 1 0
github.com/nexg/pg-flux/cmd/pg-flux/main.go:284.23,286.6 1 0
github.com/nexg/pg-flux/cmd/pg-flux/main.go:287.5,287.15 1 0
github.com/nexg/pg-flux/cmd/pg-flux/main.go:289.4,289.23 1 1
github.com/nexg/pg-flux/cmd/pg-flux/main.go:289.23,292.5 2 1
github.com/nexg/pg-flux/cmd/pg-flux/main.go:293.4,293.28 1 0
github.com/nexg/pg-flux/cmd/pg-flux/main.go:293.28,295.5 1 0
github.com/nexg/pg-flux/cmd/pg-flux/main.go:296.4,296.27 1 0
github.com/nexg/pg-flux/cmd/pg-flux/main.go:299.2,299.10 1 1
github.com/nexg/pg-flux/cmd/pg-flux/main.go:302.34,307.55 2 1
github.com/nexg/pg-flux/cmd/pg-flux/main.go:307.55,311.18 4 1
github.com/nexg/pg-flux/cmd/pg-flux/main.go:311.18,313.5 1 0
github.com/nexg/pg-flux/cmd/pg-flux/main.go:314.4,316.18 3 1
github.com/nexg/pg-flux/cmd/pg-flux/main.go:316.18,318.5 1 0
github.com/nexg/pg-flux/cmd/pg-flux/main.go:319.4,320.34 2 1
github.com/nexg/pg-flux/cmd/pg-flux/main.go:320.34,321.17 1 1
github.com/nexg/pg-flux/cmd/pg-flux/main.go:321.17,322.14 1 0
github.com/nexg/pg-flux/cmd/pg-flux/main.go:324.5,326.33 3 1
github.com/nexg/pg-flux/cmd/pg-flux/main.go:326.33,327.18 1 1
github.com/nexg/pg-flux/cmd/pg-flux/main.go:327.18,328.15 1 0
github.com/nexg/pg-flux/cmd/pg-flux/main.go:330.6,330.15 1 1
github.com/nexg/pg-flux/cmd/pg-flux/main.go:330.15,332.7 1 0
github.com/nexg/pg-flux/cmd/pg-flux/main.go:333.6,334.19 2 1
github.com/nexg/pg-flux/cmd/pg-flux/main.go:334.19,336.7 1 0
github.com/nexg/pg-flux/cmd/pg-flux/main.go:338.5,340.76 3 1
github.com/nexg/pg-flux/cmd/pg-flux/main.go:342.4,343.14 2 1
github.com/nexg/pg-flux/cmd/pg-flux/main.go:346.2,347.10 2 1
github.com/nexg/pg-flux/cmd/pg-flux/main.go:350.44,352.16 2 1
github.com/nexg/pg-flux/cmd/pg-flux/main.go:352.16,354.3 1 0
github.com/nexg/pg-flux/cmd/pg-flux/main.go:355.2,358.16 4 1
github.com/nexg/pg-flux/cmd/pg-flux/main.go:358.16,360.3 1 1
github.com/nexg/pg-flux/cmd/pg-flux/main.go:361.2,363.16 3 1
github.com/nexg/pg-flux/cmd/pg-flux/main.go:363.16,365.3 1 0
github.com/nexg/pg-flux/cmd/pg-flux/main.go:366.2,367.16 2 1
github.com/nexg/pg-flux/cmd/pg-flux/main.go:367.16,369.3 1 0
github.com/nexg/pg-flux/cmd/pg-flux/main.go:370.2,370.37 1 1
github.com/nexg/pg-flux/cmd/pg-flux/main.go:373.111,378.55 2 1
github.com/nexg/pg-flux/cmd/pg-flux/main.go:378.55,380.3 1 1
github.com/nexg/pg-flux/cmd/pg-flux/main.go:381.2,382.16 2 0
github.com/nexg/pg-flux/cmd/pg-flux/main.go:382.16,384.3 1 0
github.com/nexg/pg-flux/cmd/pg-flux/main.go:385.2,386.17 2 0
github.com/nexg/pg-flux/cmd/pg-flux/main.go:389.61,390.14 1 1
github.com/nexg/pg-flux/cmd/pg-flux/main.go:390.14,392.3 1 1
github.com/nexg/pg-flux/cmd/pg-flux/main.go:393.2,394.33 2 1
github.com/nexg/pg-flux/cmd/pg-flux/main.go:394.33,395.18 1 1
github.com/nexg/pg-flux/cmd/pg-flux/main.go:395.18,396.12 1 0
github.com/nexg/pg-flux/cmd/pg-flux/main.go:398.3,398.117 1 1
github.com/nexg/pg-flux/cmd/pg-flux/main.go:400.2,400.10 1 1
