mode: set
github.com/nexg/pg-flux/pkg/differ/change_sort.go:15.69,18.43 3 1
github.com/nexg/pg-flux/pkg/differ/change_sort.go:18.43,20.15 2 1
github.com/nexg/pg-flux/pkg/differ/change_sort.go:20.15,22.4 1 1
github.com/nexg/pg-flux/pkg/differ/change_sort.go:24.3,24.83 1 1
github.com/nexg/pg-flux/pkg/differ/change_sort.go:24.83,25.40 1 1
github.com/nexg/pg-flux/pkg/differ/change_sort.go:25.40,29.17 4 1
github.com/nexg/pg-flux/pkg/differ/change_sort.go:29.17,31.6 1 1
github.com/nexg/pg-flux/pkg/differ/change_sort.go:35.3,35.81 1 1
github.com/nexg/pg-flux/pkg/differ/change_sort.go:35.81,36.40 1 0
github.com/nexg/pg-flux/pkg/differ/change_sort.go:36.40,40.17 4 0
github.com/nexg/pg-flux/pkg/differ/change_sort.go:40.17,42.6 1 0
github.com/nexg/pg-flux/pkg/differ/change_sort.go:45.3,46.17 2 1
github.com/nexg/pg-flux/pkg/differ/change_sort.go:46.17,48.4 1 1
github.com/nexg/pg-flux/pkg/differ/change_sort.go:49.3,49.15 1 0
github.com/nexg/pg-flux/pkg/differ/change_sort.go:53.28,53.70 1 1
github.com/nexg/pg-flux/pkg/differ/change_sort.go:55.36,61.49 5 1
github.com/nexg/pg-flux/pkg/differ/change_sort.go:61.49,62.17 1 0
github.com/nexg/pg-flux/pkg/differ/change_sort.go:62.17,64.4 1 0
github.com/nexg/pg-flux/pkg/differ/change_sort.go:64.9,67.4 2 0
github.com/nexg/pg-flux/pkg/differ/change_sort.go:69.2,69.18 1 1
github.com/nexg/pg-flux/pkg/differ/change_sort.go:69.18,71.3 1 0
github.com/nexg/pg-flux/pkg/differ/change_sort.go:71.8,74.3 2 1
github.com/nexg/pg-flux/pkg/differ/change_sort.go:75.2,75.19 1 1
github.com/nexg/pg-flux/pkg/differ/change_sort.go:75.19,77.3 1 0
github.com/nexg/pg-flux/pkg/differ/change_sort.go:77.8,80.3 2 1
github.com/nexg/pg-flux/pkg/differ/change_sort.go:81.2,81.17 1 1
github.com/nexg/pg-flux/pkg/differ/change_sort.go:81.17,84.3 2 0
github.com/nexg/pg-flux/pkg/differ/change_sort.go:85.2,85.18 1 1
github.com/nexg/pg-flux/pkg/differ/change_sort.go:85.18,90.3 4 0
github.com/nexg/pg-flux/pkg/differ/change_sort.go:90.8,93.3 2 1
github.com/nexg/pg-flux/pkg/differ/change_sort.go:94.2,94.18 1 1
github.com/nexg/pg-flux/pkg/differ/change_sort.go:94.18,96.3 1 0
github.com/nexg/pg-flux/pkg/differ/change_sort.go:96.8,98.3 1 1
github.com/nexg/pg-flux/pkg/differ/change_sort.go:99.2,99.19 1 1
github.com/nexg/pg-flux/pkg/differ/diff_extensions.go:29.48,31.13 2 1
github.com/nexg/pg-flux/pkg/differ/diff_extensions.go:31.13,33.3 1 1
github.com/nexg/pg-flux/pkg/differ/diff_extensions.go:35.2,35.60 1 1
github.com/nexg/pg-flux/pkg/differ/diff_extensions.go:35.60,37.3 1 1
github.com/nexg/pg-flux/pkg/differ/diff_extensions.go:39.2,39.65 1 1
github.com/nexg/pg-flux/pkg/differ/diff_extensions.go:39.65,41.3 1 1
github.com/nexg/pg-flux/pkg/differ/diff_extensions.go:43.2,43.66 1 1
github.com/nexg/pg-flux/pkg/differ/diff_extensions.go:43.66,46.3 2 1
github.com/nexg/pg-flux/pkg/differ/diff_extensions.go:47.2,47.12 1 1
github.com/nexg/pg-flux/pkg/differ/diff_extensions.go:50.43,51.14 1 1
github.com/nexg/pg-flux/pkg/differ/diff_extensions.go:51.14,53.3 1 0
github.com/nexg/pg-flux/pkg/differ/diff_extensions.go:54.2,54.25 1 1
github.com/nexg/pg-flux/pkg/differ/diff_extensions.go:54.25,56.3 1 1
github.com/nexg/pg-flux/pkg/differ/diff_extensions.go:59.56,60.37 1 1
github.com/nexg/pg-flux/pkg/differ/diff_extensions.go:60.37,63.3 1 1
github.com/nexg/pg-flux/pkg/differ/diff_extensions.go:64.2,67.34 4 1
github.com/nexg/pg-flux/pkg/differ/diff_extensions.go:67.34,68.16 1 1
github.com/nexg/pg-flux/pkg/differ/diff_extensions.go:68.16,69.12 1 0
github.com/nexg/pg-flux/pkg/differ/diff_extensions.go:71.3,72.16 2 1
github.com/nexg/pg-flux/pkg/differ/diff_extensions.go:72.16,74.12 2 1
github.com/nexg/pg-flux/pkg/differ/diff_extensions.go:77.3,77.109 1 1
github.com/nexg/pg-flux/pkg/differ/diff_extensions.go:77.109,79.12 2 1
github.com/nexg/pg-flux/pkg/differ/diff_extensions.go:81.3,81.79 1 0
github.com/nexg/pg-flux/pkg/differ/diff_extensions.go:81.79,82.58 1 0
github.com/nexg/pg-flux/pkg/differ/diff_extensions.go:82.58,85.5 2 0
github.com/nexg/pg-flux/pkg/differ/diff_extensions.go:88.2,88.34 1 1
github.com/nexg/pg-flux/pkg/differ/diff_extensions.go:88.34,89.16 1 1
github.com/nexg/pg-flux/pkg/differ/diff_extensions.go:89.16,90.12 1 0
github.com/nexg/pg-flux/pkg/differ/diff_extensions.go:92.3,92.29 1 1
github.com/nexg/pg-flux/pkg/differ/diff_extensions.go:92.29,94.4 1 1
github.com/nexg/pg-flux/pkg/differ/diff_extensions.go:96.2,96.12 1 1
github.com/nexg/pg-flux/pkg/differ/diff_extensions.go:99.51,100.38 1 1
github.com/nexg/pg-flux/pkg/differ/diff_extensions.go:100.38,102.3 1 1
github.com/nexg/pg-flux/pkg/differ/diff_extensions.go:103.2,104.33 2 1
github.com/nexg/pg-flux/pkg/differ/diff_extensions.go:104.33,106.14 2 1
github.com/nexg/pg-flux/pkg/differ/diff_extensions.go:106.14,107.12 1 1
github.com/nexg/pg-flux/pkg/differ/diff_extensions.go:109.3,109.88 1 1
github.com/nexg/pg-flux/pkg/differ/diff_extensions.go:111.2,111.12 1 1
github.com/nexg/pg-flux/pkg/differ/diff_extensions.go:117.54,118.41 1 1
github.com/nexg/pg-flux/pkg/differ/diff_extensions.go:118.41,120.3 1 1
github.com/nexg/pg-flux/pkg/differ/diff_extensions.go:121.2,122.34 2 1
github.com/nexg/pg-flux/pkg/differ/diff_extensions.go:122.34,123.15 1 1
github.com/nexg/pg-flux/pkg/differ/diff_extensions.go:123.15,124.12 1 0
github.com/nexg/pg-flux/pkg/differ/diff_extensions.go:126.3,127.14 2 1
github.com/nexg/pg-flux/pkg/differ/diff_extensions.go:127.14,128.12 1 1
github.com/nexg/pg-flux/pkg/differ/diff_extensions.go:130.3,130.64 1 1
github.com/nexg/pg-flux/pkg/differ/diff_extensions.go:132.2,132.12 1 1
github.com/nexg/pg-flux/pkg/differ/diff_extra.go:20.58,22.2 1 1
github.com/nexg/pg-flux/pkg/differ/diff_extra.go:24.40,25.14 1 1
github.com/nexg/pg-flux/pkg/differ/diff_extra.go:25.14,27.3 1 0
github.com/nexg/pg-flux/pkg/differ/diff_extra.go:28.2,28.22 1 1
github.com/nexg/pg-flux/pkg/differ/diff_extra.go:28.22,30.3 1 1
github.com/nexg/pg-flux/pkg/differ/diff_extra.go:31.2,31.24 1 1
github.com/nexg/pg-flux/pkg/differ/diff_extra.go:31.24,33.3 1 1
github.com/nexg/pg-flux/pkg/differ/diff_extra.go:34.2,34.23 1 1
github.com/nexg/pg-flux/pkg/differ/diff_extra.go:34.23,36.3 1 1
github.com/nexg/pg-flux/pkg/differ/diff_extra.go:39.53,43.31 4 1
github.com/nexg/pg-flux/pkg/differ/diff_extra.go:43.31,44.16 1 1
github.com/nexg/pg-flux/pkg/differ/diff_extra.go:44.16,45.12 1 0
github.com/nexg/pg-flux/pkg/differ/diff_extra.go:47.3,48.16 2 1
github.com/nexg/pg-flux/pkg/differ/diff_extra.go:48.16,50.12 2 1
github.com/nexg/pg-flux/pkg/differ/diff_extra.go:52.3,52.30 1 1
github.com/nexg/pg-flux/pkg/differ/diff_extra.go:52.30,55.4 2 1
github.com/nexg/pg-flux/pkg/differ/diff_extra.go:57.2,57.31 1 1
github.com/nexg/pg-flux/pkg/differ/diff_extra.go:57.31,58.16 1 1
github.com/nexg/pg-flux/pkg/differ/diff_extra.go:58.16,59.12 1 0
github.com/nexg/pg-flux/pkg/differ/diff_extra.go:61.3,61.26 1 1
github.com/nexg/pg-flux/pkg/differ/diff_extra.go:61.26,63.4 1 0
github.com/nexg/pg-flux/pkg/differ/diff_extra.go:65.2,65.12 1 1
github.com/nexg/pg-flux/pkg/differ/diff_extra.go:68.29,70.13 2 1
github.com/nexg/pg-flux/pkg/differ/diff_extra.go:70.13,72.3 1 0
github.com/nexg/pg-flux/pkg/differ/diff_extra.go:73.2,74.16 2 1
github.com/nexg/pg-flux/pkg/differ/diff_extra.go:74.16,76.3 1 0
github.com/nexg/pg-flux/pkg/differ/diff_extra.go:77.2,77.10 1 1
github.com/nexg/pg-flux/pkg/differ/diff_extra.go:81.38,83.2 1 1
github.com/nexg/pg-flux/pkg/differ/diff_extra.go:86.37,87.13 1 1
github.com/nexg/pg-flux/pkg/differ/diff_extra.go:87.13,89.3 1 1
github.com/nexg/pg-flux/pkg/differ/diff_extra.go:90.2,91.22 2 1
github.com/nexg/pg-flux/pkg/differ/diff_extra.go:91.22,92.66 1 1
github.com/nexg/pg-flux/pkg/differ/diff_extra.go:92.66,94.9 2 1
github.com/nexg/pg-flux/pkg/differ/diff_extra.go:97.2,97.15 1 1
github.com/nexg/pg-flux/pkg/differ/diff_extra.go:97.15,99.3 1 1
github.com/nexg/pg-flux/pkg/differ/diff_extra.go:100.2,100.10 1 1
github.com/nexg/pg-flux/pkg/differ/diff_extra.go:105.79,107.15 2 1
github.com/nexg/pg-flux/pkg/differ/diff_extra.go:107.15,109.3 1 1
github.com/nexg/pg-flux/pkg/differ/diff_extra.go:110.2,113.9 3 1
github.com/nexg/pg-flux/pkg/differ/diff_extra.go:113.9,115.3 1 0
github.com/nexg/pg-flux/pkg/differ/diff_extra.go:116.2,119.19 4 1
github.com/nexg/pg-flux/pkg/differ/diff_extra.go:124.48,126.13 2 1
github.com/nexg/pg-flux/pkg/differ/diff_extra.go:126.13,128.3 1 0
github.com/nexg/pg-flux/pkg/differ/diff_extra.go:129.2,130.9 2 1
github.com/nexg/pg-flux/pkg/differ/diff_extra.go:130.9,132.3 1 0
github.com/nexg/pg-flux/pkg/differ/diff_extra.go:133.2,136.19 4 1
github.com/nexg/pg-flux/pkg/differ/diff_extra.go:139.48,141.43 2 1
github.com/nexg/pg-flux/pkg/differ/diff_extra.go:141.43,143.3 1 0
github.com/nexg/pg-flux/pkg/differ/diff_extra.go:144.2,145.16 2 1
github.com/nexg/pg-flux/pkg/differ/diff_extra.go:145.16,147.3 1 0
github.com/nexg/pg-flux/pkg/differ/diff_extra.go:148.2,148.37 1 1
github.com/nexg/pg-flux/pkg/differ/diff_extra.go:151.48,152.28 1 1
github.com/nexg/pg-flux/pkg/differ/diff_extra.go:152.28,154.3 1 0
github.com/nexg/pg-flux/pkg/differ/diff_extra.go:155.2,157.29 3 1
github.com/nexg/pg-flux/pkg/differ/diff_extra.go:161.71,165.14 4 1
github.com/nexg/pg-flux/pkg/differ/diff_extra.go:165.14,167.3 1 1
github.com/nexg/pg-flux/pkg/differ/diff_extra.go:168.2,169.29 2 1
github.com/nexg/pg-flux/pkg/differ/diff_extra.go:173.37,175.13 2 1
github.com/nexg/pg-flux/pkg/differ/diff_extra.go:175.13,177.3 1 0
github.com/nexg/pg-flux/pkg/differ/diff_extra.go:178.2,179.38 2 1
github.com/nexg/pg-flux/pkg/differ/diff_extra.go:179.38,181.3 1 0
github.com/nexg/pg-flux/pkg/differ/diff_extra.go:182.2,183.16 2 1
github.com/nexg/pg-flux/pkg/differ/diff_extra.go:183.16,185.3 1 0
github.com/nexg/pg-flux/pkg/differ/diff_extra.go:186.2,186.31 1 1
github.com/nexg/pg-flux/pkg/differ/diff_extra.go:190.34,192.2 1 1
github.com/nexg/pg-flux/pkg/differ/diff_extra.go:197.37,202.2 4 1
github.com/nexg/pg-flux/pkg/differ/diff_extra.go:204.55,208.33 4 1
github.com/nexg/pg-flux/pkg/differ/diff_extra.go:208.33,209.16 1 1
github.com/nexg/pg-flux/pkg/differ/diff_extra.go:209.16,210.12 1 0
github.com/nexg/pg-flux/pkg/differ/diff_extra.go:212.3,213.16 2 1
github.com/nexg/pg-flux/pkg/differ/diff_extra.go:213.16,215.12 2 1
github.com/nexg/pg-flux/pkg/differ/diff_extra.go:217.3,217.59 1 1
github.com/nexg/pg-flux/pkg/differ/diff_extra.go:217.59,219.4 1 1
github.com/nexg/pg-flux/pkg/differ/diff_extra.go:221.2,221.33 1 1
github.com/nexg/pg-flux/pkg/differ/diff_extra.go:221.33,222.16 1 1
github.com/nexg/pg-flux/pkg/differ/diff_extra.go:222.16,223.12 1 0
github.com/nexg/pg-flux/pkg/differ/diff_extra.go:225.3,225.28 1 1
github.com/nexg/pg-flux/pkg/differ/diff_extra.go:225.28,227.4 1 1
github.com/nexg/pg-flux/pkg/differ/diff_extra.go:229.2,229.12 1 1
github.com/nexg/pg-flux/pkg/differ/diff_extra.go:232.54,236.32 4 1
github.com/nexg/pg-flux/pkg/differ/diff_extra.go:236.32,237.16 1 1
github.com/nexg/pg-flux/pkg/differ/diff_extra.go:237.16,238.12 1 0
github.com/nexg/pg-flux/pkg/differ/diff_extra.go:240.3,241.16 2 1
github.com/nexg/pg-flux/pkg/differ/diff_extra.go:241.16,243.12 2 1
github.com/nexg/pg-flux/pkg/differ/diff_extra.go:245.3,245.29 1 1
github.com/nexg/pg-flux/pkg/differ/diff_extra.go:245.29,248.4 2 0
github.com/nexg/pg-flux/pkg/differ/diff_extra.go:250.2,250.32 1 1
github.com/nexg/pg-flux/pkg/differ/diff_extra.go:250.32,251.16 1 1
github.com/nexg/pg-flux/pkg/differ/diff_extra.go:251.16,252.12 1 0
github.com/nexg/pg-flux/pkg/differ/diff_extra.go:254.3,254.27 1 1
github.com/nexg/pg-flux/pkg/differ/diff_extra.go:254.27,256.4 1 1
github.com/nexg/pg-flux/pkg/differ/diff_extra.go:258.2,258.12 1 1
github.com/nexg/pg-flux/pkg/differ/diff_extra.go:261.46,262.26 1 1
github.com/nexg/pg-flux/pkg/differ/diff_extra.go:262.26,264.3 1 1
github.com/nexg/pg-flux/pkg/differ/diff_extra.go:265.2,265.76 1 1
github.com/nexg/pg-flux/pkg/differ/diff_extra.go:265.76,267.3 1 0
github.com/nexg/pg-flux/pkg/differ/diff_extra.go:268.2,268.70 1 1
github.com/nexg/pg-flux/pkg/differ/diff_extra.go:268.70,270.3 1 0
github.com/nexg/pg-flux/pkg/differ/diff_extra.go:271.2,271.50 1 1
github.com/nexg/pg-flux/pkg/differ/diff_extra.go:271.50,273.3 1 0
github.com/nexg/pg-flux/pkg/differ/diff_extra.go:274.2,274.52 1 1
github.com/nexg/pg-flux/pkg/differ/diff_extra.go:274.52,276.3 1 0
github.com/nexg/pg-flux/pkg/differ/diff_extra.go:277.2,277.67 1 1
github.com/nexg/pg-flux/pkg/differ/diff_extra.go:280.32,282.2 1 1
github.com/nexg/pg-flux/pkg/differ/diff_extra.go:284.38,285.17 1 1
github.com/nexg/pg-flux/pkg/differ/diff_extra.go:285.17,287.3 1 1
github.com/nexg/pg-flux/pkg/differ/diff_extra.go:288.2,290.10 3 1
github.com/nexg/pg-flux/pkg/differ/diff_extra.go:293.43,294.22 1 1
github.com/nexg/pg-flux/pkg/differ/diff_extra.go:294.22,296.3 1 0
github.com/nexg/pg-flux/pkg/differ/diff_extra.go:297.2,297.19 1 1
github.com/nexg/pg-flux/pkg/differ/diff_extra.go:297.19,298.19 1 1
github.com/nexg/pg-flux/pkg/differ/diff_extra.go:298.19,300.4 1 0
github.com/nexg/pg-flux/pkg/differ/diff_extra.go:302.2,302.13 1 1
github.com/nexg/pg-flux/pkg/differ/differ.go:31.80,32.59 1 1
github.com/nexg/pg-flux/pkg/differ/differ.go:32.59,34.3 1 0
github.com/nexg/pg-flux/pkg/differ/differ.go:35.2,35.20 1 1
github.com/nexg/pg-flux/pkg/differ/differ.go:35.20,37.3 1 0
github.com/nexg/pg-flux/pkg/differ/differ.go:38.2,38.17 1 1
github.com/nexg/pg-flux/pkg/differ/differ.go:38.17,40.3 1 0
github.com/nexg/pg-flux/pkg/differ/differ.go:41.2,46.39 4 1
github.com/nexg/pg-flux/pkg/differ/differ.go:46.39,47.33 1 1
github.com/nexg/pg-flux/pkg/differ/differ.go:47.33,49.12 2 0
github.com/nexg/pg-flux/pkg/differ/differ.go:51.3,52.29 2 1
github.com/nexg/pg-flux/pkg/differ/differ.go:52.29,54.24 2 1
github.com/nexg/pg-flux/pkg/differ/differ.go:54.25,56.5 0 0
github.com/nexg/pg-flux/pkg/differ/differ.go:57.4,57.12 1 1
github.com/nexg/pg-flux/pkg/differ/differ.go:59.3,59.23 1 1
github.com/nexg/pg-flux/pkg/differ/differ.go:59.23,61.30 2 0
github.com/nexg/pg-flux/pkg/differ/differ.go:61.30,64.13 2 0
github.com/nexg/pg-flux/pkg/differ/differ.go:66.4,68.12 3 0
github.com/nexg/pg-flux/pkg/differ/differ.go:71.3,71.103 1 1
github.com/nexg/pg-flux/pkg/differ/differ.go:75.2,75.39 1 1
github.com/nexg/pg-flux/pkg/differ/differ.go:75.39,76.33 1 1
github.com/nexg/pg-flux/pkg/differ/differ.go:76.33,77.12 1 0
github.com/nexg/pg-flux/pkg/differ/differ.go:79.3,80.55 2 1
github.com/nexg/pg-flux/pkg/differ/differ.go:80.55,81.12 1 1
github.com/nexg/pg-flux/pkg/differ/differ.go:83.3,84.17 2 1
github.com/nexg/pg-flux/pkg/differ/differ.go:84.17,86.4 1 1
github.com/nexg/pg-flux/pkg/differ/differ.go:86.9,88.4 1 0
github.com/nexg/pg-flux/pkg/differ/differ.go:89.3,89.16 1 1
github.com/nexg/pg-flux/pkg/differ/differ.go:89.16,91.4 1 0
github.com/nexg/pg-flux/pkg/differ/differ.go:92.3,93.17 2 1
github.com/nexg/pg-flux/pkg/differ/differ.go:93.17,95.4 1 0
github.com/nexg/pg-flux/pkg/differ/differ.go:96.3,98.85 2 1
github.com/nexg/pg-flux/pkg/differ/differ.go:98.85,100.4 1 1
github.com/nexg/pg-flux/pkg/differ/differ.go:104.2,104.36 1 1
github.com/nexg/pg-flux/pkg/differ/differ.go:104.36,106.43 2 1
github.com/nexg/pg-flux/pkg/differ/differ.go:106.43,107.12 1 1
github.com/nexg/pg-flux/pkg/differ/differ.go:109.3,110.18 2 0
github.com/nexg/pg-flux/pkg/differ/differ.go:110.18,111.12 1 0
github.com/nexg/pg-flux/pkg/differ/differ.go:113.3,113.86 1 0
github.com/nexg/pg-flux/pkg/differ/differ.go:117.2,117.39 1 1
github.com/nexg/pg-flux/pkg/differ/differ.go:117.39,118.33 1 1
github.com/nexg/pg-flux/pkg/differ/differ.go:118.33,119.12 1 0
github.com/nexg/pg-flux/pkg/differ/differ.go:121.3,121.55 1 1
github.com/nexg/pg-flux/pkg/differ/differ.go:121.55,122.12 1 1
github.com/nexg/pg-flux/pkg/differ/differ.go:124.3,125.36 2 1
github.com/nexg/pg-flux/pkg/differ/differ.go:125.36,127.4 1 1
github.com/nexg/pg-flux/pkg/differ/differ.go:127.9,129.4 1 0
github.com/nexg/pg-flux/pkg/differ/differ.go:130.3,131.16 2 1
github.com/nexg/pg-flux/pkg/differ/differ.go:131.16,132.12 1 0
github.com/nexg/pg-flux/pkg/differ/differ.go:134.3,134.61 1 1
github.com/nexg/pg-flux/pkg/differ/differ.go:136.2,148.23 12 1
github.com/nexg/pg-flux/pkg/differ/differ.go:148.23,150.3 1 1
github.com/nexg/pg-flux/pkg/differ/differ.go:151.2,153.16 3 1
github.com/nexg/pg-flux/pkg/differ/differ.go:153.16,155.3 1 0
github.com/nexg/pg-flux/pkg/differ/differ.go:156.2,157.90 2 1
github.com/nexg/pg-flux/pkg/differ/differ.go:193.80,194.35 1 1
github.com/nexg/pg-flux/pkg/differ/differ.go:194.35,195.33 1 1
github.com/nexg/pg-flux/pkg/differ/differ.go:195.33,196.12 1 0
github.com/nexg/pg-flux/pkg/differ/differ.go:198.3,198.42 1 1
github.com/nexg/pg-flux/pkg/differ/differ.go:198.42,200.4 1 1
github.com/nexg/pg-flux/pkg/differ/differ.go:201.3,201.50 1 1
github.com/nexg/pg-flux/pkg/differ/differ.go:201.50,203.4 1 1
github.com/nexg/pg-flux/pkg/differ/differ.go:204.3,204.73 1 0
github.com/nexg/pg-flux/pkg/differ/differ.go:204.73,206.4 1 0
github.com/nexg/pg-flux/pkg/differ/differ.go:208.2,208.14 1 0
github.com/nexg/pg-flux/pkg/differ/differ.go:211.66,212.23 1 1
github.com/nexg/pg-flux/pkg/differ/differ.go:212.23,213.18 1 1
github.com/nexg/pg-flux/pkg/differ/differ.go:213.18,214.12 1 1
github.com/nexg/pg-flux/pkg/differ/differ.go:216.3,216.58 1 1
github.com/nexg/pg-flux/pkg/differ/differ.go:216.58,218.4 1 1
github.com/nexg/pg-flux/pkg/differ/differ.go:220.2,220.14 1 1
github.com/nexg/pg-flux/pkg/differ/differ.go:223.71,226.31 3 1
github.com/nexg/pg-flux/pkg/differ/differ.go:226.31,227.15 1 1
github.com/nexg/pg-flux/pkg/differ/differ.go:227.15,229.4 1 1
github.com/nexg/pg-flux/pkg/differ/differ.go:231.2,232.31 2 1
github.com/nexg/pg-flux/pkg/differ/differ.go:232.31,233.15 1 1
github.com/nexg/pg-flux/pkg/differ/differ.go:233.15,234.12 1 0
github.com/nexg/pg-flux/pkg/differ/differ.go:236.3,236.25 1 1
github.com/nexg/pg-flux/pkg/differ/differ.go:236.25,238.11 2 1
github.com/nexg/pg-flux/pkg/differ/differ.go:238.11,239.34 1 1
github.com/nexg/pg-flux/pkg/differ/differ.go:239.34,241.14 2 0
github.com/nexg/pg-flux/pkg/differ/differ.go:244.5,246.13 3 1
github.com/nexg/pg-flux/pkg/differ/differ.go:248.4,251.23 4 1
github.com/nexg/pg-flux/pkg/differ/differ.go:251.23,253.5 1 0
github.com/nexg/pg-flux/pkg/differ/differ.go:254.4,254.12 1 1
github.com/nexg/pg-flux/pkg/differ/differ.go:256.3,257.10 2 1
github.com/nexg/pg-flux/pkg/differ/differ.go:257.10,259.12 2 1
github.com/nexg/pg-flux/pkg/differ/differ.go:261.3,262.65 2 1
github.com/nexg/pg-flux/pkg/differ/differ.go:264.2,264.28 1 1
github.com/nexg/pg-flux/pkg/differ/differ.go:264.28,265.15 1 1
github.com/nexg/pg-flux/pkg/differ/differ.go:265.15,267.4 1 1
github.com/nexg/pg-flux/pkg/differ/differ.go:269.2,269.17 1 1
github.com/nexg/pg-flux/pkg/differ/differ.go:272.40,273.26 1 1
github.com/nexg/pg-flux/pkg/differ/differ.go:273.26,275.3 1 0
github.com/nexg/pg-flux/pkg/differ/differ.go:276.2,276.48 1 1
github.com/nexg/pg-flux/pkg/differ/differ.go:276.48,278.3 1 1
github.com/nexg/pg-flux/pkg/differ/differ.go:279.2,279.28 1 1
github.com/nexg/pg-flux/pkg/differ/differ.go:279.28,281.3 1 0
github.com/nexg/pg-flux/pkg/differ/differ.go:282.2,282.52 1 1
github.com/nexg/pg-flux/pkg/differ/differ.go:282.52,284.3 1 0
github.com/nexg/pg-flux/pkg/differ/differ.go:285.2,285.14 1 1
github.com/nexg/pg-flux/pkg/differ/differ.go:288.68,289.14 1 1
github.com/nexg/pg-flux/pkg/differ/differ.go:289.14,291.3 1 0
github.com/nexg/pg-flux/pkg/differ/differ.go:292.2,293.48 2 1
github.com/nexg/pg-flux/pkg/differ/differ.go:293.48,295.3 1 0
github.com/nexg/pg-flux/pkg/differ/differ.go:296.2,296.28 1 1
github.com/nexg/pg-flux/pkg/differ/differ.go:296.28,298.3 1 1
github.com/nexg/pg-flux/pkg/differ/differ.go:299.2,299.52 1 1
github.com/nexg/pg-flux/pkg/differ/differ.go:299.52,301.3 1 0
github.com/nexg/pg-flux/pkg/differ/differ.go:302.2,302.10 1 1
github.com/nexg/pg-flux/pkg/differ/differ.go:305.32,305.76 1 1
github.com/nexg/pg-flux/pkg/differ/differ.go:306.32,306.80 1 1
github.com/nexg/pg-flux/pkg/differ/differ.go:308.111,310.23 2 1
github.com/nexg/pg-flux/pkg/differ/differ.go:310.23,312.3 1 1
github.com/nexg/pg-flux/pkg/differ/differ.go:313.2,313.43 1 1
github.com/nexg/pg-flux/pkg/differ/differ.go:313.43,315.3 1 1
github.com/nexg/pg-flux/pkg/differ/differ.go:316.2,316.11 1 1
github.com/nexg/pg-flux/pkg/differ/differ.go:319.54,320.33 1 1
github.com/nexg/pg-flux/pkg/differ/differ.go:320.33,320.84 1 1
github.com/nexg/pg-flux/pkg/differ/differ.go:321.2,321.16 1 1
github.com/nexg/pg-flux/pkg/differ/differ.go:322.30,323.17 1 1
github.com/nexg/pg-flux/pkg/differ/differ.go:323.17,325.4 1 0
github.com/nexg/pg-flux/pkg/differ/differ.go:326.3,328.5 1 1
github.com/nexg/pg-flux/pkg/differ/differ.go:329.28,334.5 2 1
github.com/nexg/pg-flux/pkg/differ/differ.go:335.30,337.101 2 1
github.com/nexg/pg-flux/pkg/differ/differ.go:338.28,341.17 3 1
github.com/nexg/pg-flux/pkg/differ/differ.go:341.17,343.4 1 1
github.com/nexg/pg-flux/pkg/differ/differ.go:344.3,344.26 1 1
github.com/nexg/pg-flux/pkg/differ/differ.go:344.26,346.4 1 1
github.com/nexg/pg-flux/pkg/differ/differ.go:347.3,347.115 1 1
github.com/nexg/pg-flux/pkg/differ/differ.go:348.29,353.5 2 1
github.com/nexg/pg-flux/pkg/differ/differ.go:354.31,356.115 2 1
github.com/nexg/pg-flux/pkg/differ/differ.go:357.30,358.22 1 1
github.com/nexg/pg-flux/pkg/differ/differ.go:359.28,361.16 2 1
github.com/nexg/pg-flux/pkg/differ/differ.go:361.16,363.4 1 1
github.com/nexg/pg-flux/pkg/differ/differ.go:363.9,365.4 1 1
github.com/nexg/pg-flux/pkg/differ/differ.go:366.3,366.31 1 1
github.com/nexg/pg-flux/pkg/differ/differ.go:366.31,368.4 1 1
github.com/nexg/pg-flux/pkg/differ/differ.go:368.9,368.39 1 1
github.com/nexg/pg-flux/pkg/differ/differ.go:368.39,370.4 1 1
github.com/nexg/pg-flux/pkg/differ/differ.go:371.3,371.12 1 1
github.com/nexg/pg-flux/pkg/differ/differ.go:372.30,373.19 1 1
github.com/nexg/pg-flux/pkg/differ/differ.go:373.19,375.4 1 0
github.com/nexg/pg-flux/pkg/differ/differ.go:376.3,384.30 3 1
github.com/nexg/pg-flux/pkg/differ/differ.go:385.28,393.5 2 1
github.com/nexg/pg-flux/pkg/differ/differ.go:394.33,395.18 1 1
github.com/nexg/pg-flux/pkg/differ/differ.go:395.18,397.4 1 0
github.com/nexg/pg-flux/pkg/differ/differ.go:398.3,400.20 3 1
github.com/nexg/pg-flux/pkg/differ/differ.go:401.12,402.46 1 1
github.com/nexg/pg-flux/pkg/differ/differ.go:403.12,404.49 1 0
github.com/nexg/pg-flux/pkg/differ/differ.go:405.11,406.21 1 1
github.com/nexg/pg-flux/pkg/differ/differ.go:408.3,408.99 1 1
github.com/nexg/pg-flux/pkg/differ/differ.go:409.31,410.18 1 1
github.com/nexg/pg-flux/pkg/differ/differ.go:410.18,412.4 1 0
github.com/nexg/pg-flux/pkg/differ/differ.go:413.3,419.5 2 1
github.com/nexg/pg-flux/pkg/differ/differ.go:420.31,421.19 1 1
github.com/nexg/pg-flux/pkg/differ/differ.go:421.19,423.4 1 0
github.com/nexg/pg-flux/pkg/differ/differ.go:424.3,424.89 1 1
github.com/nexg/pg-flux/pkg/differ/differ.go:425.29,426.19 1 1
github.com/nexg/pg-flux/pkg/differ/differ.go:426.19,428.4 1 0
github.com/nexg/pg-flux/pkg/differ/differ.go:429.3,435.5 2 1
github.com/nexg/pg-flux/pkg/differ/differ.go:436.32,442.98 3 1
github.com/nexg/pg-flux/pkg/differ/differ.go:442.98,448.4 2 1
github.com/nexg/pg-flux/pkg/differ/differ.go:449.3,449.13 1 1
github.com/nexg/pg-flux/pkg/differ/differ.go:450.33,457.5 2 1
github.com/nexg/pg-flux/pkg/differ/differ.go:458.29,459.17 1 1
github.com/nexg/pg-flux/pkg/differ/differ.go:459.17,461.4 1 0
github.com/nexg/pg-flux/pkg/differ/differ.go:462.3,462.115 1 1
github.com/nexg/pg-flux/pkg/differ/differ.go:463.27,464.17 1 1
github.com/nexg/pg-flux/pkg/differ/differ.go:464.17,466.4 1 0
github.com/nexg/pg-flux/pkg/differ/differ.go:467.3,468.23 2 1
github.com/nexg/pg-flux/pkg/differ/differ.go:468.23,470.4 1 1
github.com/nexg/pg-flux/pkg/differ/differ.go:470.9,472.4 1 0
github.com/nexg/pg-flux/pkg/differ/differ.go:473.3,478.5 1 1
github.com/nexg/pg-flux/pkg/differ/differ.go:479.33,480.19 1 1
github.com/nexg/pg-flux/pkg/differ/differ.go:480.19,482.4 1 0
github.com/nexg/pg-flux/pkg/differ/differ.go:483.3,483.120 1 1
github.com/nexg/pg-flux/pkg/differ/differ.go:484.31,485.19 1 0
github.com/nexg/pg-flux/pkg/differ/differ.go:485.19,487.4 1 0
github.com/nexg/pg-flux/pkg/differ/differ.go:488.3,494.5 2 0
github.com/nexg/pg-flux/pkg/differ/differ.go:495.34,496.19 1 1
github.com/nexg/pg-flux/pkg/differ/differ.go:496.19,498.4 1 0
github.com/nexg/pg-flux/pkg/differ/differ.go:499.3,500.16 2 1
github.com/nexg/pg-flux/pkg/differ/differ.go:500.16,502.4 1 0
github.com/nexg/pg-flux/pkg/differ/differ.go:503.3,506.5 1 1
github.com/nexg/pg-flux/pkg/differ/differ.go:507.32,508.38 1 1
github.com/nexg/pg-flux/pkg/differ/differ.go:508.38,510.4 1 0
github.com/nexg/pg-flux/pkg/differ/differ.go:511.3,512.39 2 1
github.com/nexg/pg-flux/pkg/differ/differ.go:512.39,514.4 1 1
github.com/nexg/pg-flux/pkg/differ/differ.go:515.3,521.5 2 1
github.com/nexg/pg-flux/pkg/differ/differ.go:522.34,523.61 1 1
github.com/nexg/pg-flux/pkg/differ/differ.go:523.61,525.4 1 0
github.com/nexg/pg-flux/pkg/differ/differ.go:526.3,528.25 3 1
github.com/nexg/pg-flux/pkg/differ/differ.go:528.25,530.4 1 1
github.com/nexg/pg-flux/pkg/differ/differ.go:531.3,534.5 1 1
github.com/nexg/pg-flux/pkg/differ/differ.go:535.25,536.40 1 1
github.com/nexg/pg-flux/pkg/differ/differ.go:536.40,538.4 1 0
github.com/nexg/pg-flux/pkg/differ/differ.go:539.3,544.5 1 1
github.com/nexg/pg-flux/pkg/differ/differ.go:545.32,546.20 1 0
github.com/nexg/pg-flux/pkg/differ/differ.go:546.20,548.4 1 0
github.com/nexg/pg-flux/pkg/differ/differ.go:549.3,550.85 2 0
github.com/nexg/pg-flux/pkg/differ/differ.go:551.30,552.20 1 0
github.com/nexg/pg-flux/pkg/differ/differ.go:552.20,554.4 1 0
github.com/nexg/pg-flux/pkg/differ/differ.go:555.3,561.5 2 0
github.com/nexg/pg-flux/pkg/differ/differ.go:563.2,563.12 1 0
github.com/nexg/pg-flux/pkg/differ/differ.go:566.43,569.14 3 1
github.com/nexg/pg-flux/pkg/differ/differ.go:569.14,571.3 1 1
github.com/nexg/pg-flux/pkg/differ/differ.go:572.2,572.21 1 1
github.com/nexg/pg-flux/pkg/differ/differ.go:573.14,579.5 2 1
github.com/nexg/pg-flux/pkg/differ/differ.go:580.17,581.16 1 1
github.com/nexg/pg-flux/pkg/differ/differ.go:581.16,585.4 3 1
github.com/nexg/pg-flux/pkg/differ/differ.go:585.9,588.4 2 1
github.com/nexg/pg-flux/pkg/differ/differ.go:589.13,591.25 2 1
github.com/nexg/pg-flux/pkg/differ/differ.go:591.25,593.4 1 1
github.com/nexg/pg-flux/pkg/differ/differ.go:593.9,595.4 1 1
github.com/nexg/pg-flux/pkg/differ/differ.go:596.3,596.71 1 1
github.com/nexg/pg-flux/pkg/differ/differ.go:598.2,598.12 1 1
github.com/nexg/pg-flux/pkg/differ/differ.go:601.45,602.14 1 1
github.com/nexg/pg-flux/pkg/differ/differ.go:602.14,604.3 1 0
github.com/nexg/pg-flux/pkg/differ/differ.go:605.2,607.30 3 1
github.com/nexg/pg-flux/pkg/differ/differ.go:607.30,608.15 1 1
github.com/nexg/pg-flux/pkg/differ/differ.go:608.15,609.12 1 0
github.com/nexg/pg-flux/pkg/differ/differ.go:611.3,611.12 1 1
github.com/nexg/pg-flux/pkg/differ/differ.go:611.12,613.4 1 1
github.com/nexg/pg-flux/pkg/differ/differ.go:614.3,615.25 2 1
github.com/nexg/pg-flux/pkg/differ/differ.go:615.25,617.4 1 1
github.com/nexg/pg-flux/pkg/differ/differ.go:618.3,618.21 1 1
github.com/nexg/pg-flux/pkg/differ/differ.go:618.21,620.4 1 1
github.com/nexg/pg-flux/pkg/differ/differ.go:620.9,620.23 1 1
github.com/nexg/pg-flux/pkg/differ/differ.go:620.23,622.4 1 1
github.com/nexg/pg-flux/pkg/differ/differ.go:624.2,624.30 1 1
github.com/nexg/pg-flux/pkg/differ/differ.go:624.30,625.16 1 1
github.com/nexg/pg-flux/pkg/differ/differ.go:625.16,626.12 1 0
github.com/nexg/pg-flux/pkg/differ/differ.go:628.3,628.70 1 1
github.com/nexg/pg-flux/pkg/differ/differ.go:630.2,630.30 1 1
github.com/nexg/pg-flux/pkg/differ/differ.go:630.30,631.15 1 1
github.com/nexg/pg-flux/pkg/differ/differ.go:631.15,632.12 1 0
github.com/nexg/pg-flux/pkg/differ/differ.go:634.3,634.68 1 1
github.com/nexg/pg-flux/pkg/differ/differ.go:636.2,636.32 1 1
github.com/nexg/pg-flux/pkg/differ/differ.go:636.32,637.16 1 1
github.com/nexg/pg-flux/pkg/differ/differ.go:637.16,638.12 1 0
github.com/nexg/pg-flux/pkg/differ/differ.go:640.3,640.70 1 1
github.com/nexg/pg-flux/pkg/differ/differ.go:642.2,642.35 1 1
github.com/nexg/pg-flux/pkg/differ/differ.go:642.35,643.16 1 1
github.com/nexg/pg-flux/pkg/differ/differ.go:643.16,644.12 1 0
github.com/nexg/pg-flux/pkg/differ/differ.go:646.3,646.70 1 1
github.com/nexg/pg-flux/pkg/differ/differ.go:648.2,649.19 2 1
github.com/nexg/pg-flux/pkg/differ/differ.go:652.29,653.13 1 1
github.com/nexg/pg-flux/pkg/differ/differ.go:653.13,655.3 1 1
github.com/nexg/pg-flux/pkg/differ/differ.go:656.2,656.22 1 1
github.com/nexg/pg-flux/pkg/differ/differ.go:656.22,657.63 1 1
github.com/nexg/pg-flux/pkg/differ/differ.go:657.63,659.4 1 1
github.com/nexg/pg-flux/pkg/differ/differ.go:661.2,661.10 1 1
github.com/nexg/pg-flux/pkg/differ/differ.go:664.38,667.2 2 1
github.com/nexg/pg-flux/pkg/differ/differ.go:669.52,671.27 2 1
github.com/nexg/pg-flux/pkg/differ/differ.go:671.27,672.34 1 1
github.com/nexg/pg-flux/pkg/differ/differ.go:672.34,674.4 1 0
github.com/nexg/pg-flux/pkg/differ/differ.go:675.3,675.55 1 1
github.com/nexg/pg-flux/pkg/differ/differ.go:675.55,677.4 1 1
github.com/nexg/pg-flux/pkg/differ/differ.go:681.69,682.18 1 1
github.com/nexg/pg-flux/pkg/differ/differ.go:682.18,684.3 1 0
github.com/nexg/pg-flux/pkg/differ/differ.go:685.2,685.66 1 1
github.com/nexg/pg-flux/pkg/differ/differ.go:685.66,687.3 1 1
github.com/nexg/pg-flux/pkg/differ/differ.go:688.2,690.27 3 1
github.com/nexg/pg-flux/pkg/differ/differ.go:690.27,691.33 1 1
github.com/nexg/pg-flux/pkg/differ/differ.go:691.33,693.12 2 0
github.com/nexg/pg-flux/pkg/differ/differ.go:695.3,696.49 2 1
github.com/nexg/pg-flux/pkg/differ/differ.go:696.49,698.12 2 0
github.com/nexg/pg-flux/pkg/differ/differ.go:702.3,702.49 1 1
github.com/nexg/pg-flux/pkg/differ/differ.go:702.49,703.68 1 1
github.com/nexg/pg-flux/pkg/differ/differ.go:703.68,705.5 1 1
github.com/nexg/pg-flux/pkg/differ/differ.go:706.4,706.14 1 0
github.com/nexg/pg-flux/pkg/differ/differ.go:708.3,749.17 10 1
github.com/nexg/pg-flux/pkg/differ/differ.go:751.2,751.13 1 1
github.com/nexg/pg-flux/pkg/differ/differ.go:751.13,753.3 1 1
github.com/nexg/pg-flux/pkg/differ/differ.go:756.36,757.20 1 1
github.com/nexg/pg-flux/pkg/differ/differ.go:757.20,760.27 3 1
github.com/nexg/pg-flux/pkg/differ/differ.go:760.27,762.4 1 1
github.com/nexg/pg-flux/pkg/differ/differ.go:762.9,764.4 1 1
github.com/nexg/pg-flux/pkg/differ/differ.go:769.48,771.13 2 1
github.com/nexg/pg-flux/pkg/differ/differ.go:771.13,773.3 1 0
github.com/nexg/pg-flux/pkg/differ/differ.go:774.2,775.45 2 1
github.com/nexg/pg-flux/pkg/differ/differ.go:775.45,777.3 1 0
github.com/nexg/pg-flux/pkg/differ/differ.go:778.2,778.54 1 1
github.com/nexg/pg-flux/pkg/differ/differ.go:778.54,780.3 1 1
github.com/nexg/pg-flux/pkg/differ/differ.go:781.2,781.47 1 1
github.com/nexg/pg-flux/pkg/differ/differ.go:781.47,783.3 1 1
github.com/nexg/pg-flux/pkg/differ/differ.go:784.2,784.10 1 1
github.com/nexg/pg-flux/pkg/differ/more_diff.go:10.44,11.14 1 1
github.com/nexg/pg-flux/pkg/differ/more_diff.go:11.14,13.3 1 0
github.com/nexg/pg-flux/pkg/differ/more_diff.go:14.2,14.20 1 1
github.com/nexg/pg-flux/pkg/differ/more_diff.go:14.20,16.3 1 1
github.com/nexg/pg-flux/pkg/differ/more_diff.go:17.2,17.24 1 1
github.com/nexg/pg-flux/pkg/differ/more_diff.go:17.24,19.3 1 1
github.com/nexg/pg-flux/pkg/differ/more_diff.go:20.2,20.23 1 1
github.com/nexg/pg-flux/pkg/differ/more_diff.go:20.23,22.3 1 1
github.com/nexg/pg-flux/pkg/differ/more_diff.go:25.36,29.2 3 1
github.com/nexg/pg-flux/pkg/differ/more_diff.go:31.58,33.28 2 1
github.com/nexg/pg-flux/pkg/differ/more_diff.go:33.28,35.3 1 1
github.com/nexg/pg-flux/pkg/differ/more_diff.go:36.2,37.30 2 1
github.com/nexg/pg-flux/pkg/differ/more_diff.go:37.30,38.15 1 1
github.com/nexg/pg-flux/pkg/differ/more_diff.go:38.15,39.12 1 0
github.com/nexg/pg-flux/pkg/differ/more_diff.go:41.3,41.57 1 1
github.com/nexg/pg-flux/pkg/differ/more_diff.go:43.2,43.35 1 1
github.com/nexg/pg-flux/pkg/differ/more_diff.go:43.35,44.15 1 1
github.com/nexg/pg-flux/pkg/differ/more_diff.go:44.15,45.12 1 0
github.com/nexg/pg-flux/pkg/differ/more_diff.go:47.3,47.57 1 1
github.com/nexg/pg-flux/pkg/differ/more_diff.go:49.2,49.31 1 1
github.com/nexg/pg-flux/pkg/differ/more_diff.go:49.31,50.15 1 1
github.com/nexg/pg-flux/pkg/differ/more_diff.go:50.15,51.12 1 0
github.com/nexg/pg-flux/pkg/differ/more_diff.go:53.3,53.57 1 1
github.com/nexg/pg-flux/pkg/differ/more_diff.go:55.2,55.32 1 1
github.com/nexg/pg-flux/pkg/differ/more_diff.go:55.32,56.15 1 0
github.com/nexg/pg-flux/pkg/differ/more_diff.go:56.15,57.12 1 0
github.com/nexg/pg-flux/pkg/differ/more_diff.go:59.3,59.57 1 0
github.com/nexg/pg-flux/pkg/differ/more_diff.go:61.2,62.30 2 1
github.com/nexg/pg-flux/pkg/differ/more_diff.go:62.30,63.15 1 1
github.com/nexg/pg-flux/pkg/differ/more_diff.go:63.15,64.12 1 0
github.com/nexg/pg-flux/pkg/differ/more_diff.go:66.3,66.57 1 1
github.com/nexg/pg-flux/pkg/differ/more_diff.go:68.2,68.35 1 1
github.com/nexg/pg-flux/pkg/differ/more_diff.go:68.35,69.15 1 0
github.com/nexg/pg-flux/pkg/differ/more_diff.go:69.15,70.12 1 0
github.com/nexg/pg-flux/pkg/differ/more_diff.go:72.3,72.57 1 0
github.com/nexg/pg-flux/pkg/differ/more_diff.go:74.2,74.31 1 1
github.com/nexg/pg-flux/pkg/differ/more_diff.go:74.31,75.15 1 0
github.com/nexg/pg-flux/pkg/differ/more_diff.go:75.15,76.12 1 0
github.com/nexg/pg-flux/pkg/differ/more_diff.go:78.3,78.57 1 0
github.com/nexg/pg-flux/pkg/differ/more_diff.go:80.2,80.32 1 1
github.com/nexg/pg-flux/pkg/differ/more_diff.go:80.32,81.15 1 0
github.com/nexg/pg-flux/pkg/differ/more_diff.go:81.15,82.12 1 0
github.com/nexg/pg-flux/pkg/differ/more_diff.go:84.3,84.57 1 0
github.com/nexg/pg-flux/pkg/differ/more_diff.go:86.2,86.24 1 1
github.com/nexg/pg-flux/pkg/differ/more_diff.go:86.24,87.27 1 1
github.com/nexg/pg-flux/pkg/differ/more_diff.go:87.27,96.4 1 1
github.com/nexg/pg-flux/pkg/differ/more_diff.go:96.9,97.132 1 1
github.com/nexg/pg-flux/pkg/differ/more_diff.go:97.132,114.5 2 0
github.com/nexg/pg-flux/pkg/differ/more_diff.go:117.2,117.24 1 1
github.com/nexg/pg-flux/pkg/differ/more_diff.go:117.24,118.26 1 1
github.com/nexg/pg-flux/pkg/differ/more_diff.go:118.26,127.4 1 1
github.com/nexg/pg-flux/pkg/differ/more_diff.go:129.2,129.12 1 1
github.com/nexg/pg-flux/pkg/differ/more_diff.go:132.51,136.29 4 1
github.com/nexg/pg-flux/pkg/differ/more_diff.go:136.29,137.16 1 1
github.com/nexg/pg-flux/pkg/differ/more_diff.go:137.16,138.12 1 0
github.com/nexg/pg-flux/pkg/differ/more_diff.go:140.3,141.16 2 1
github.com/nexg/pg-flux/pkg/differ/more_diff.go:141.16,143.12 2 1
github.com/nexg/pg-flux/pkg/differ/more_diff.go:145.3,145.81 1 1
github.com/nexg/pg-flux/pkg/differ/more_diff.go:145.81,148.4 2 1
github.com/nexg/pg-flux/pkg/differ/more_diff.go:150.2,150.29 1 1
github.com/nexg/pg-flux/pkg/differ/more_diff.go:150.29,151.16 1 1
github.com/nexg/pg-flux/pkg/differ/more_diff.go:151.16,152.12 1 0
github.com/nexg/pg-flux/pkg/differ/more_diff.go:154.3,154.24 1 1
github.com/nexg/pg-flux/pkg/differ/more_diff.go:154.24,156.4 1 1
github.com/nexg/pg-flux/pkg/differ/more_diff.go:158.2,158.12 1 1
github.com/nexg/pg-flux/pkg/differ/more_diff.go:161.55,165.33 4 1
github.com/nexg/pg-flux/pkg/differ/more_diff.go:165.33,166.16 1 1
github.com/nexg/pg-flux/pkg/differ/more_diff.go:166.16,167.12 1 0
github.com/nexg/pg-flux/pkg/differ/more_diff.go:169.3,170.16 2 1
github.com/nexg/pg-flux/pkg/differ/more_diff.go:170.16,172.12 2 1
github.com/nexg/pg-flux/pkg/differ/more_diff.go:174.3,174.57 1 1
github.com/nexg/pg-flux/pkg/differ/more_diff.go:174.57,177.4 2 0
github.com/nexg/pg-flux/pkg/differ/more_diff.go:179.2,179.33 1 1
github.com/nexg/pg-flux/pkg/differ/more_diff.go:179.33,180.16 1 1
github.com/nexg/pg-flux/pkg/differ/more_diff.go:180.16,181.12 1 0
github.com/nexg/pg-flux/pkg/differ/more_diff.go:183.3,183.28 1 1
github.com/nexg/pg-flux/pkg/differ/more_diff.go:183.28,185.4 1 1
github.com/nexg/pg-flux/pkg/differ/more_diff.go:187.2,187.12 1 1
github.com/nexg/pg-flux/pkg/differ/more_diff.go:190.54,194.32 4 1
github.com/nexg/pg-flux/pkg/differ/more_diff.go:194.32,195.16 1 1
github.com/nexg/pg-flux/pkg/differ/more_diff.go:195.16,196.12 1 0
github.com/nexg/pg-flux/pkg/differ/more_diff.go:198.3,199.17 2 1
github.com/nexg/pg-flux/pkg/differ/more_diff.go:199.17,201.12 2 1
github.com/nexg/pg-flux/pkg/differ/more_diff.go:203.3,203.82 1 0
github.com/nexg/pg-flux/pkg/differ/more_diff.go:203.82,206.4 2 0
github.com/nexg/pg-flux/pkg/differ/more_diff.go:208.2,208.33 1 1
github.com/nexg/pg-flux/pkg/differ/more_diff.go:208.33,209.17 1 1
github.com/nexg/pg-flux/pkg/differ/more_diff.go:209.17,210.12 1 0
github.com/nexg/pg-flux/pkg/differ/more_diff.go:212.3,212.27 1 1
github.com/nexg/pg-flux/pkg/differ/more_diff.go:212.27,214.4 1 1
github.com/nexg/pg-flux/pkg/differ/more_diff.go:216.2,216.12 1 1
github.com/nexg/pg-flux/pkg/differ/viewrank.go:15.55,16.36 1 1
github.com/nexg/pg-flux/pkg/differ/viewrank.go:16.36,18.3 1 1
github.com/nexg/pg-flux/pkg/differ/viewrank.go:19.2,20.30 2 1
github.com/nexg/pg-flux/pkg/differ/viewrank.go:20.30,21.15 1 1
github.com/nexg/pg-flux/pkg/differ/viewrank.go:21.15,22.12 1 0
github.com/nexg/pg-flux/pkg/differ/viewrank.go:24.3,24.25 1 1
github.com/nexg/pg-flux/pkg/differ/viewrank.go:26.2,29.25 3 1
github.com/nexg/pg-flux/pkg/differ/viewrank.go:29.25,31.15 2 1
github.com/nexg/pg-flux/pkg/differ/viewrank.go:31.15,32.12 1 0
github.com/nexg/pg-flux/pkg/differ/viewrank.go:34.3,35.70 2 1
github.com/nexg/pg-flux/pkg/differ/viewrank.go:35.70,36.20 1 1
github.com/nexg/pg-flux/pkg/differ/viewrank.go:36.20,37.13 1 0
github.com/nexg/pg-flux/pkg/differ/viewrank.go:39.4,41.34 3 1
github.com/nexg/pg-flux/pkg/differ/viewrank.go:41.34,44.5 2 0
github.com/nexg/pg-flux/pkg/differ/viewrank.go:44.10,47.5 1 1
github.com/nexg/pg-flux/pkg/differ/viewrank.go:48.4,48.28 1 1
github.com/nexg/pg-flux/pkg/differ/viewrank.go:48.28,50.5 1 1
github.com/nexg/pg-flux/pkg/differ/viewrank.go:52.3,52.13 1 1
github.com/nexg/pg-flux/pkg/differ/viewrank.go:55.2,57.46 3 1
github.com/nexg/pg-flux/pkg/differ/viewrank.go:57.46,59.26 2 1
github.com/nexg/pg-flux/pkg/differ/viewrank.go:59.26,61.26 2 1
github.com/nexg/pg-flux/pkg/differ/viewrank.go:61.26,62.43 1 1
github.com/nexg/pg-flux/pkg/differ/viewrank.go:62.43,64.6 1 0
github.com/nexg/pg-flux/pkg/differ/viewrank.go:66.4,66.23 1 1
github.com/nexg/pg-flux/pkg/differ/viewrank.go:66.23,69.5 2 0
github.com/nexg/pg-flux/pkg/differ/viewrank.go:72.2,72.13 1 1
github.com/nexg/pg-flux/pkg/src/alter_table.go:12.96,13.42 1 1
github.com/nexg/pg-flux/pkg/src/alter_table.go:13.42,15.3 1 0
github.com/nexg/pg-flux/pkg/src/alter_table.go:16.2,17.15 2 1
github.com/nexg/pg-flux/pkg/src/alter_table.go:17.15,19.3 1 0
github.com/nexg/pg-flux/pkg/src/alter_table.go:20.2,26.36 6 1
github.com/nexg/pg-flux/pkg/src/alter_table.go:26.36,27.18 1 1
github.com/nexg/pg-flux/pkg/src/alter_table.go:27.18,28.12 1 0
github.com/nexg/pg-flux/pkg/src/alter_table.go:30.3,31.16 2 1
github.com/nexg/pg-flux/pkg/src/alter_table.go:31.16,32.12 1 0
github.com/nexg/pg-flux/pkg/src/alter_table.go:34.3,34.26 1 1
github.com/nexg/pg-flux/pkg/src/alter_table.go:35.48,37.14 2 1
github.com/nexg/pg-flux/pkg/src/alter_table.go:38.49,40.14 2 0
github.com/nexg/pg-flux/pkg/src/alter_table.go:41.47,43.17 2 0
github.com/nexg/pg-flux/pkg/src/alter_table.go:44.49,46.17 2 0
github.com/nexg/pg-flux/pkg/src/alter_table.go:47.132,48.22 1 0
github.com/nexg/pg-flux/pkg/src/alter_table.go:51.2,51.17 1 1
github.com/nexg/pg-flux/pkg/src/alter_table.go:51.17,53.17 2 0
github.com/nexg/pg-flux/pkg/src/alter_table.go:53.17,55.4 1 0
github.com/nexg/pg-flux/pkg/src/alter_table.go:56.3,56.60 1 0
github.com/nexg/pg-flux/pkg/src/alter_table.go:58.2,58.35 1 1
github.com/nexg/pg-flux/pkg/src/alter_table.go:58.35,59.19 1 1
github.com/nexg/pg-flux/pkg/src/alter_table.go:59.19,61.4 1 1
github.com/nexg/pg-flux/pkg/src/alter_table.go:62.3,62.22 1 1
github.com/nexg/pg-flux/pkg/src/alter_table.go:62.22,64.4 1 0
github.com/nexg/pg-flux/pkg/src/alter_table.go:66.2,66.12 1 1
github.com/nexg/pg-flux/pkg/src/capture_mores.go:12.45,13.21 1 1
github.com/nexg/pg-flux/pkg/src/capture_mores.go:13.21,15.3 1 0
github.com/nexg/pg-flux/pkg/src/capture_mores.go:16.2,16.25 1 1
github.com/nexg/pg-flux/pkg/src/capture_mores.go:16.25,18.3 1 0
github.com/nexg/pg-flux/pkg/src/capture_mores.go:19.2,19.24 1 1
github.com/nexg/pg-flux/pkg/src/capture_mores.go:19.24,21.3 1 0
github.com/nexg/pg-flux/pkg/src/capture_mores.go:24.83,25.36 1 1
github.com/nexg/pg-flux/pkg/src/capture_mores.go:25.36,27.3 1 0
github.com/nexg/pg-flux/pkg/src/capture_mores.go:28.2,29.16 2 1
github.com/nexg/pg-flux/pkg/src/capture_mores.go:29.16,31.3 1 0
github.com/nexg/pg-flux/pkg/src/capture_mores.go:32.2,33.15 2 1
github.com/nexg/pg-flux/pkg/src/capture_mores.go:33.15,35.3 1 0
github.com/nexg/pg-flux/pkg/src/capture_mores.go:36.2,39.24 4 1
github.com/nexg/pg-flux/pkg/src/capture_mores.go:39.24,41.3 1 0
github.com/nexg/pg-flux/pkg/src/capture_mores.go:42.2,43.12 2 1
github.com/nexg/pg-flux/pkg/src/capture_mores.go:46.95,47.14 1 1
github.com/nexg/pg-flux/pkg/src/capture_mores.go:47.14,49.3 1 0
github.com/nexg/pg-flux/pkg/src/capture_mores.go:50.2,50.53 1 1
github.com/nexg/pg-flux/pkg/src/capture_mores.go:50.53,52.3 1 0
github.com/nexg/pg-flux/pkg/src/capture_mores.go:53.2,54.41 2 1
github.com/nexg/pg-flux/pkg/src/capture_mores.go:54.41,56.3 1 0
github.com/nexg/pg-flux/pkg/src/capture_mores.go:57.2,58.15 2 1
github.com/nexg/pg-flux/pkg/src/capture_mores.go:58.15,60.3 1 0
github.com/nexg/pg-flux/pkg/src/capture_mores.go:61.2,63.16 3 1
github.com/nexg/pg-flux/pkg/src/capture_mores.go:63.16,65.3 1 0
github.com/nexg/pg-flux/pkg/src/capture_mores.go:66.2,68.24 3 1
github.com/nexg/pg-flux/pkg/src/capture_mores.go:68.24,70.3 1 0
github.com/nexg/pg-flux/pkg/src/capture_mores.go:71.2,72.12 2 1
github.com/nexg/pg-flux/pkg/src/capture_mores.go:75.92,76.40 1 1
github.com/nexg/pg-flux/pkg/src/capture_mores.go:76.40,78.3 1 0
github.com/nexg/pg-flux/pkg/src/capture_mores.go:79.2,80.16 2 1
github.com/nexg/pg-flux/pkg/src/capture_mores.go:80.16,82.3 1 0
github.com/nexg/pg-flux/pkg/src/capture_mores.go:83.2,85.15 3 1
github.com/nexg/pg-flux/pkg/src/capture_mores.go:85.15,87.3 1 0
github.com/nexg/pg-flux/pkg/src/capture_mores.go:88.2,91.28 4 1
github.com/nexg/pg-flux/pkg/src/capture_mores.go:91.28,93.3 1 0
github.com/nexg/pg-flux/pkg/src/capture_mores.go:94.2,95.12 2 1
github.com/nexg/pg-flux/pkg/src/capture_mores.go:98.93,99.42 1 1
github.com/nexg/pg-flux/pkg/src/capture_mores.go:99.42,101.3 1 0
github.com/nexg/pg-flux/pkg/src/capture_mores.go:102.2,103.16 2 1
github.com/nexg/pg-flux/pkg/src/capture_mores.go:103.16,105.3 1 0
github.com/nexg/pg-flux/pkg/src/capture_mores.go:106.2,108.15 3 1
github.com/nexg/pg-flux/pkg/src/capture_mores.go:108.15,110.3 1 0
github.com/nexg/pg-flux/pkg/src/capture_mores.go:111.2,115.27 5 1
github.com/nexg/pg-flux/pkg/src/capture_mores.go:115.27,117.3 1 0
github.com/nexg/pg-flux/pkg/src/capture_mores.go:118.2,119.12 2 1
github.com/nexg/pg-flux/pkg/src/defaultexpr.go:11.52,12.14 1 0
github.com/nexg/pg-flux/pkg/src/defaultexpr.go:12.14,14.3 1 0
github.com/nexg/pg-flux/pkg/src/defaultexpr.go:15.2,15.35 1 0
github.com/nexg/pg-flux/pkg/src/defaultexpr.go:18.45,19.14 1 0
github.com/nexg/pg-flux/pkg/src/defaultexpr.go:19.14,21.3 1 0
github.com/nexg/pg-flux/pkg/src/defaultexpr.go:22.2,22.34 1 0
github.com/nexg/pg-flux/pkg/src/defaultexpr.go:22.34,23.33 1 0
github.com/nexg/pg-flux/pkg/src/defaultexpr.go:23.33,25.4 1 0
github.com/nexg/pg-flux/pkg/src/defaultexpr.go:26.3,26.33 1 0
github.com/nexg/pg-flux/pkg/src/defaultexpr.go:26.33,28.4 1 0
github.com/nexg/pg-flux/pkg/src/defaultexpr.go:29.3,29.33 1 0
github.com/nexg/pg-flux/pkg/src/defaultexpr.go:29.33,31.4 1 0
github.com/nexg/pg-flux/pkg/src/defaultexpr.go:32.3,32.36 1 0
github.com/nexg/pg-flux/pkg/src/defaultexpr.go:32.36,33.22 1 0
github.com/nexg/pg-flux/pkg/src/defaultexpr.go:33.22,35.5 1 0
github.com/nexg/pg-flux/pkg/src/defaultexpr.go:36.4,36.18 1 0
github.com/nexg/pg-flux/pkg/src/defaultexpr.go:39.2,39.38 1 0
github.com/nexg/pg-flux/pkg/src/defaultexpr.go:39.38,41.38 2 0
github.com/nexg/pg-flux/pkg/src/defaultexpr.go:41.38,42.13 1 0
github.com/nexg/pg-flux/pkg/src/defaultexpr.go:42.13,44.5 1 0
github.com/nexg/pg-flux/pkg/src/defaultexpr.go:45.4,45.41 1 0
github.com/nexg/pg-flux/pkg/src/defaultexpr.go:45.41,48.5 2 0
github.com/nexg/pg-flux/pkg/src/defaultexpr.go:50.3,51.36 2 0
github.com/nexg/pg-flux/pkg/src/defaultexpr.go:51.36,52.13 1 0
github.com/nexg/pg-flux/pkg/src/defaultexpr.go:52.13,54.5 1 0
github.com/nexg/pg-flux/pkg/src/defaultexpr.go:55.4,55.18 1 0
github.com/nexg/pg-flux/pkg/src/defaultexpr.go:55.18,56.13 1 0
github.com/nexg/pg-flux/pkg/src/defaultexpr.go:59.4,60.40 2 0
github.com/nexg/pg-flux/pkg/src/defaultexpr.go:60.40,63.13 3 0
github.com/nexg/pg-flux/pkg/src/defaultexpr.go:65.4,65.44 1 0
github.com/nexg/pg-flux/pkg/src/defaultexpr.go:65.44,68.5 2 0
github.com/nexg/pg-flux/pkg/src/defaultexpr.go:70.3,71.20 2 0
github.com/nexg/pg-flux/pkg/src/defaultexpr.go:73.2,73.15 1 0
github.com/nexg/pg-flux/pkg/src/defaultexpr.go:76.36,78.2 1 0
github.com/nexg/pg-flux/pkg/src/deparsexpr.go:11.52,12.14 1 1
github.com/nexg/pg-flux/pkg/src/deparsexpr.go:12.14,14.3 1 0
github.com/nexg/pg-flux/pkg/src/deparsexpr.go:15.2,24.16 4 1
github.com/nexg/pg-flux/pkg/src/deparsexpr.go:24.16,26.3 1 0
github.com/nexg/pg-flux/pkg/src/deparsexpr.go:27.2,30.39 3 1
github.com/nexg/pg-flux/pkg/src/deparsexpr.go:30.39,32.3 1 1
github.com/nexg/pg-flux/pkg/src/deparsexpr.go:33.2,33.17 1 0
github.com/nexg/pg-flux/pkg/src/deparsexpr.go:37.83,38.14 1 1
github.com/nexg/pg-flux/pkg/src/deparsexpr.go:38.14,40.3 1 0
github.com/nexg/pg-flux/pkg/src/deparsexpr.go:41.2,42.24 2 1
github.com/nexg/pg-flux/pkg/src/deparsexpr.go:43.35,45.15 2 1
github.com/nexg/pg-flux/pkg/src/deparsexpr.go:45.15,46.31 1 0
github.com/nexg/pg-flux/pkg/src/deparsexpr.go:46.31,48.5 1 0
github.com/nexg/pg-flux/pkg/src/deparsexpr.go:49.4,49.22 1 0
github.com/nexg/pg-flux/pkg/src/deparsexpr.go:51.3,51.44 1 1
github.com/nexg/pg-flux/pkg/src/deparsexpr.go:51.44,53.4 1 0
github.com/nexg/pg-flux/pkg/src/deparsexpr.go:54.3,54.62 1 1
github.com/nexg/pg-flux/pkg/src/deparsexpr.go:55.37,56.42 1 1
github.com/nexg/pg-flux/pkg/src/deparsexpr.go:57.36,58.38 1 1
github.com/nexg/pg-flux/pkg/src/deparsexpr.go:59.39,60.41 1 1
github.com/nexg/pg-flux/pkg/src/deparsexpr.go:61.10,62.86 1 0
github.com/nexg/pg-flux/pkg/src/deparsexpr.go:66.47,67.14 1 1
github.com/nexg/pg-flux/pkg/src/deparsexpr.go:67.14,69.3 1 0
github.com/nexg/pg-flux/pkg/src/deparsexpr.go:70.2,72.29 3 1
github.com/nexg/pg-flux/pkg/src/deparsexpr.go:72.29,74.3 1 0
github.com/nexg/pg-flux/pkg/src/deparsexpr.go:75.2,77.32 3 1
github.com/nexg/pg-flux/pkg/src/deparsexpr.go:77.32,78.15 1 1
github.com/nexg/pg-flux/pkg/src/deparsexpr.go:78.15,79.12 1 0
github.com/nexg/pg-flux/pkg/src/deparsexpr.go:81.3,81.36 1 1
github.com/nexg/pg-flux/pkg/src/deparsexpr.go:81.36,82.14 1 1
github.com/nexg/pg-flux/pkg/src/deparsexpr.go:82.14,84.5 1 0
github.com/nexg/pg-flux/pkg/src/deparsexpr.go:85.4,86.50 2 1
github.com/nexg/pg-flux/pkg/src/deparsexpr.go:89.2,90.19 2 1
github.com/nexg/pg-flux/pkg/src/deparsexpr.go:94.50,95.14 1 1
github.com/nexg/pg-flux/pkg/src/deparsexpr.go:95.14,97.3 1 0
github.com/nexg/pg-flux/pkg/src/deparsexpr.go:98.2,100.60 3 1
github.com/nexg/pg-flux/pkg/src/deparsexpr.go:100.60,103.3 2 1
github.com/nexg/pg-flux/pkg/src/deparsexpr.go:104.2,105.40 2 1
github.com/nexg/pg-flux/pkg/src/deparsexpr.go:105.40,106.17 1 1
github.com/nexg/pg-flux/pkg/src/deparsexpr.go:106.17,107.12 1 0
github.com/nexg/pg-flux/pkg/src/deparsexpr.go:109.3,109.12 1 1
github.com/nexg/pg-flux/pkg/src/deparsexpr.go:109.12,111.4 1 0
github.com/nexg/pg-flux/pkg/src/deparsexpr.go:112.3,112.43 1 1
github.com/nexg/pg-flux/pkg/src/deparsexpr.go:114.2,115.31 2 1
github.com/nexg/pg-flux/pkg/src/deparsexpr.go:115.31,117.28 2 0
github.com/nexg/pg-flux/pkg/src/deparsexpr.go:117.28,121.4 3 0
github.com/nexg/pg-flux/pkg/src/deparsexpr.go:123.2,123.19 1 1
github.com/nexg/pg-flux/pkg/src/deparsexpr.go:127.47,128.14 1 1
github.com/nexg/pg-flux/pkg/src/deparsexpr.go:128.14,130.3 1 0
github.com/nexg/pg-flux/pkg/src/deparsexpr.go:131.2,131.32 1 1
github.com/nexg/pg-flux/pkg/src/deparsexpr.go:131.32,133.22 2 1
github.com/nexg/pg-flux/pkg/src/deparsexpr.go:133.22,135.4 1 0
github.com/nexg/pg-flux/pkg/src/deparsexpr.go:136.3,137.47 2 1
github.com/nexg/pg-flux/pkg/src/deparsexpr.go:137.47,138.55 1 1
github.com/nexg/pg-flux/pkg/src/deparsexpr.go:138.55,140.5 1 1
github.com/nexg/pg-flux/pkg/src/deparsexpr.go:140.10,140.34 1 0
github.com/nexg/pg-flux/pkg/src/deparsexpr.go:140.34,141.61 1 0
github.com/nexg/pg-flux/pkg/src/deparsexpr.go:141.61,143.6 1 0
github.com/nexg/pg-flux/pkg/src/deparsexpr.go:146.3,147.21 2 1
github.com/nexg/pg-flux/pkg/src/deparsexpr.go:147.21,149.4 1 1
github.com/nexg/pg-flux/pkg/src/deparsexpr.go:150.3,150.15 1 1
github.com/nexg/pg-flux/pkg/src/deparsexpr.go:150.15,152.4 1 0
github.com/nexg/pg-flux/pkg/src/deparsexpr.go:153.3,153.16 1 1
github.com/nexg/pg-flux/pkg/src/deparsexpr.go:153.16,155.4 1 0
github.com/nexg/pg-flux/pkg/src/deparsexpr.go:156.3,156.29 1 1
github.com/nexg/pg-flux/pkg/src/deparsexpr.go:158.2,158.39 1 0
github.com/nexg/pg-flux/pkg/src/deparsexpr.go:158.39,160.39 2 0
github.com/nexg/pg-flux/pkg/src/deparsexpr.go:160.39,161.60 1 0
github.com/nexg/pg-flux/pkg/src/deparsexpr.go:161.60,163.5 1 0
github.com/nexg/pg-flux/pkg/src/deparsexpr.go:165.3,165.16 1 0
github.com/nexg/pg-flux/pkg/src/deparsexpr.go:165.16,167.4 1 0
github.com/nexg/pg-flux/pkg/src/deparsexpr.go:168.3,168.13 1 0
github.com/nexg/pg-flux/pkg/src/deparsexpr.go:170.2,170.11 1 0
github.com/nexg/pg-flux/pkg/src/deparsexpr.go:174.45,175.14 1 1
github.com/nexg/pg-flux/pkg/src/deparsexpr.go:175.14,177.3 1 0
github.com/nexg/pg-flux/pkg/src/deparsexpr.go:178.2,178.32 1 1
github.com/nexg/pg-flux/pkg/src/deparsexpr.go:178.32,180.35 2 1
github.com/nexg/pg-flux/pkg/src/deparsexpr.go:180.35,181.17 1 1
github.com/nexg/pg-flux/pkg/src/deparsexpr.go:181.17,182.13 1 0
github.com/nexg/pg-flux/pkg/src/deparsexpr.go:184.4,184.38 1 1
github.com/nexg/pg-flux/pkg/src/deparsexpr.go:184.38,186.5 1 1
github.com/nexg/pg-flux/pkg/src/deparsexpr.go:188.3,188.22 1 1
github.com/nexg/pg-flux/pkg/src/deparsexpr.go:188.22,190.4 1 0
github.com/nexg/pg-flux/pkg/src/deparsexpr.go:191.3,191.34 1 1
github.com/nexg/pg-flux/pkg/src/deparsexpr.go:193.2,193.35 1 0
github.com/nexg/pg-flux/pkg/src/deparsexpr.go:193.35,195.3 1 0
github.com/nexg/pg-flux/pkg/src/deparsexpr.go:196.2,196.11 1 0
github.com/nexg/pg-flux/pkg/src/deparsexpr.go:199.51,201.35 2 1
github.com/nexg/pg-flux/pkg/src/deparsexpr.go:201.35,202.15 1 1
github.com/nexg/pg-flux/pkg/src/deparsexpr.go:202.15,203.12 1 0
github.com/nexg/pg-flux/pkg/src/deparsexpr.go:205.3,205.36 1 1
github.com/nexg/pg-flux/pkg/src/deparsexpr.go:205.36,207.4 1 1
github.com/nexg/pg-flux/pkg/src/deparsexpr.go:209.2,210.35 2 1
github.com/nexg/pg-flux/pkg/src/deparsexpr.go:210.35,211.15 1 1
github.com/nexg/pg-flux/pkg/src/deparsexpr.go:211.15,212.12 1 0
github.com/nexg/pg-flux/pkg/src/deparsexpr.go:214.3,214.36 1 1
github.com/nexg/pg-flux/pkg/src/deparsexpr.go:214.36,216.4 1 1
github.com/nexg/pg-flux/pkg/src/deparsexpr.go:218.2,221.15 4 1
github.com/nexg/pg-flux/pkg/src/deparsexpr.go:221.15,222.58 1 1
github.com/nexg/pg-flux/pkg/src/deparsexpr.go:222.58,224.4 1 1
github.com/nexg/pg-flux/pkg/src/deparsexpr.go:225.3,225.28 1 1
github.com/nexg/pg-flux/pkg/src/deparsexpr.go:227.2,230.27 4 1
github.com/nexg/pg-flux/pkg/src/deparsexpr.go:230.27,231.12 1 1
github.com/nexg/pg-flux/pkg/src/deparsexpr.go:231.12,233.4 1 0
github.com/nexg/pg-flux/pkg/src/deparsexpr.go:234.3,234.41 1 1
github.com/nexg/pg-flux/pkg/src/deparsexpr.go:236.2,238.22 3 1
github.com/nexg/pg-flux/pkg/src/deparsexpr.go:238.22,240.31 2 1
github.com/nexg/pg-flux/pkg/src/deparsexpr.go:240.31,241.13 1 1
github.com/nexg/pg-flux/pkg/src/deparsexpr.go:241.13,243.5 1 0
github.com/nexg/pg-flux/pkg/src/deparsexpr.go:244.4,244.42 1 1
github.com/nexg/pg-flux/pkg/src/deparsexpr.go:246.3,246.21 1 1
github.com/nexg/pg-flux/pkg/src/deparsexpr.go:248.2,248.38 1 1
github.com/nexg/pg-flux/pkg/src/deparsexpr.go:248.38,249.37 1 1
github.com/nexg/pg-flux/pkg/src/deparsexpr.go:249.37,251.4 1 1
github.com/nexg/pg-flux/pkg/src/deparsexpr.go:253.2,253.38 1 1
github.com/nexg/pg-flux/pkg/src/deparsexpr.go:253.38,254.35 1 1
github.com/nexg/pg-flux/pkg/src/deparsexpr.go:254.35,256.4 1 1
github.com/nexg/pg-flux/pkg/src/deparsexpr.go:258.2,258.19 1 1
github.com/nexg/pg-flux/pkg/src/deparsexpr.go:262.35,264.13 2 1
github.com/nexg/pg-flux/pkg/src/deparsexpr.go:264.13,266.3 1 0
github.com/nexg/pg-flux/pkg/src/deparsexpr.go:268.2,269.19 2 1
github.com/nexg/pg-flux/pkg/src/deparsexpr.go:269.19,270.17 1 1
github.com/nexg/pg-flux/pkg/src/deparsexpr.go:271.17,272.13 1 1
github.com/nexg/pg-flux/pkg/src/deparsexpr.go:273.12,274.21 1 0
github.com/nexg/pg-flux/pkg/src/deparsexpr.go:275.12,276.20 1 1
github.com/nexg/pg-flux/pkg/src/deparsexpr.go:277.12,278.21 1 1
github.com/nexg/pg-flux/pkg/src/deparsexpr.go:279.12,280.24 1 0
github.com/nexg/pg-flux/pkg/src/deparsexpr.go:283.2,283.13 1 0
github.com/nexg/pg-flux/pkg/src/deparsexpr.go:284.17,285.19 1 0
github.com/nexg/pg-flux/pkg/src/deparsexpr.go:286.18,287.20 1 0
github.com/nexg/pg-flux/pkg/src/deparsexpr.go:288.18,289.20 1 0
github.com/nexg/pg-flux/pkg/src/deparsexpr.go:290.21,291.23 1 0
github.com/nexg/pg-flux/pkg/src/deparsexpr.go:292.19,293.21 1 0
github.com/nexg/pg-flux/pkg/src/deparsexpr.go:295.2,295.16 1 0
github.com/nexg/pg-flux/pkg/src/deparsexpr.go:295.16,297.3 1 0
github.com/nexg/pg-flux/pkg/src/deparsexpr.go:298.2,298.11 1 0
github.com/nexg/pg-flux/pkg/src/extension_alter.go:14.50,16.18 2 1
github.com/nexg/pg-flux/pkg/src/extension_alter.go:16.18,18.3 1 0
github.com/nexg/pg-flux/pkg/src/extension_alter.go:19.2,20.30 2 1
github.com/nexg/pg-flux/pkg/src/extension_alter.go:24.103,25.14 1 1
github.com/nexg/pg-flux/pkg/src/extension_alter.go:25.14,27.3 1 0
github.com/nexg/pg-flux/pkg/src/extension_alter.go:28.2,29.16 2 1
github.com/nexg/pg-flux/pkg/src/extension_alter.go:29.16,31.3 1 0
github.com/nexg/pg-flux/pkg/src/extension_alter.go:32.2,33.16 2 1
github.com/nexg/pg-flux/pkg/src/extension_alter.go:33.16,35.3 1 0
github.com/nexg/pg-flux/pkg/src/extension_alter.go:36.2,37.26 2 1
github.com/nexg/pg-flux/pkg/src/extension_alter.go:37.26,39.3 1 0
github.com/nexg/pg-flux/pkg/src/extension_alter.go:40.2,43.17 4 1
github.com/nexg/pg-flux/pkg/src/extension_alter.go:43.17,46.3 2 0
github.com/nexg/pg-flux/pkg/src/extension_alter.go:47.2,48.15 2 1
github.com/nexg/pg-flux/pkg/src/extension_alter.go:48.15,50.3 1 1
github.com/nexg/pg-flux/pkg/src/extension_alter.go:51.2,51.12 1 1
github.com/nexg/pg-flux/pkg/src/extension_version.go:11.52,12.34 1 1
github.com/nexg/pg-flux/pkg/src/extension_version.go:12.34,14.3 1 0
github.com/nexg/pg-flux/pkg/src/extension_version.go:15.2,16.18 2 1
github.com/nexg/pg-flux/pkg/src/extension_version.go:16.18,18.3 1 1
github.com/nexg/pg-flux/pkg/src/extension_version.go:19.2,21.10 3 1
github.com/nexg/pg-flux/pkg/src/extra_stmt.go:12.51,13.16 1 1
github.com/nexg/pg-flux/pkg/src/extra_stmt.go:13.16,15.3 1 0
github.com/nexg/pg-flux/pkg/src/extra_stmt.go:16.2,16.66 1 1
github.com/nexg/pg-flux/pkg/src/extra_stmt.go:20.88,21.40 1 1
github.com/nexg/pg-flux/pkg/src/extra_stmt.go:21.40,23.3 1 0
github.com/nexg/pg-flux/pkg/src/extra_stmt.go:24.2,24.45 1 1
github.com/nexg/pg-flux/pkg/src/extra_stmt.go:25.27,26.44 1 1
github.com/nexg/pg-flux/pkg/src/extra_stmt.go:27.36,28.72 1 1
github.com/nexg/pg-flux/pkg/src/extra_stmt.go:28.72,30.4 1 0
github.com/nexg/pg-flux/pkg/src/extra_stmt.go:31.3,31.26 1 1
github.com/nexg/pg-flux/pkg/src/extra_stmt.go:31.26,33.16 2 0
github.com/nexg/pg-flux/pkg/src/extra_stmt.go:33.16,35.5 1 0
github.com/nexg/pg-flux/pkg/src/extra_stmt.go:36.4,36.66 1 0
github.com/nexg/pg-flux/pkg/src/extra_stmt.go:36.66,37.47 1 0
github.com/nexg/pg-flux/pkg/src/extra_stmt.go:37.47,39.6 1 0
github.com/nexg/pg-flux/pkg/src/extra_stmt.go:42.3,42.13 1 1
github.com/nexg/pg-flux/pkg/src/extra_stmt.go:43.34,44.52 1 1
github.com/nexg/pg-flux/pkg/src/extra_stmt.go:45.33,46.56 1 1
github.com/nexg/pg-flux/pkg/src/extra_stmt.go:47.37,48.58 1 1
github.com/nexg/pg-flux/pkg/src/extra_stmt.go:49.36,50.62 1 1
github.com/nexg/pg-flux/pkg/src/extra_stmt.go:51.41,52.52 1 0
github.com/nexg/pg-flux/pkg/src/extra_stmt.go:53.40,54.55 1 0
github.com/nexg/pg-flux/pkg/src/extra_stmt.go:55.39,56.53 1 0
github.com/nexg/pg-flux/pkg/src/extra_stmt.go:58.164,59.42 1 1
github.com/nexg/pg-flux/pkg/src/extra_stmt.go:61.52,62.47 1 1
github.com/nexg/pg-flux/pkg/src/extra_stmt.go:63.10,64.13 1 1
github.com/nexg/pg-flux/pkg/src/extra_stmt.go:68.78,69.16 1 1
github.com/nexg/pg-flux/pkg/src/extra_stmt.go:69.16,71.3 1 0
github.com/nexg/pg-flux/pkg/src/extra_stmt.go:72.2,73.16 2 1
github.com/nexg/pg-flux/pkg/src/extra_stmt.go:73.16,75.3 1 0
github.com/nexg/pg-flux/pkg/src/extra_stmt.go:76.2,77.13 2 1
github.com/nexg/pg-flux/pkg/src/extra_stmt.go:77.13,79.3 1 0
github.com/nexg/pg-flux/pkg/src/extra_stmt.go:80.2,81.12 2 1
github.com/nexg/pg-flux/pkg/src/extra_stmt.go:84.85,85.14 1 1
github.com/nexg/pg-flux/pkg/src/extra_stmt.go:85.14,87.3 1 0
github.com/nexg/pg-flux/pkg/src/extra_stmt.go:88.2,89.16 2 1
github.com/nexg/pg-flux/pkg/src/extra_stmt.go:89.16,91.3 1 0
github.com/nexg/pg-flux/pkg/src/extra_stmt.go:92.2,94.14 3 1
github.com/nexg/pg-flux/pkg/src/extra_stmt.go:94.14,96.3 1 0
github.com/nexg/pg-flux/pkg/src/extra_stmt.go:97.2,98.15 2 1
github.com/nexg/pg-flux/pkg/src/extra_stmt.go:98.15,100.3 1 0
github.com/nexg/pg-flux/pkg/src/extra_stmt.go:101.2,104.28 4 1
github.com/nexg/pg-flux/pkg/src/extra_stmt.go:104.28,106.3 1 0
github.com/nexg/pg-flux/pkg/src/extra_stmt.go:107.2,115.12 2 1
github.com/nexg/pg-flux/pkg/src/extra_stmt.go:118.47,119.23 1 1
github.com/nexg/pg-flux/pkg/src/extra_stmt.go:119.23,121.3 1 0
github.com/nexg/pg-flux/pkg/src/extra_stmt.go:122.2,122.25 1 1
github.com/nexg/pg-flux/pkg/src/extra_stmt.go:122.25,124.3 1 0
github.com/nexg/pg-flux/pkg/src/extra_stmt.go:125.2,125.24 1 1
github.com/nexg/pg-flux/pkg/src/extra_stmt.go:125.24,127.3 1 0
github.com/nexg/pg-flux/pkg/src/extra_stmt.go:128.2,128.26 1 1
github.com/nexg/pg-flux/pkg/src/extra_stmt.go:128.26,130.3 1 1
github.com/nexg/pg-flux/pkg/src/extra_stmt.go:131.2,131.20 1 1
github.com/nexg/pg-flux/pkg/src/extra_stmt.go:134.97,135.14 1 1
github.com/nexg/pg-flux/pkg/src/extra_stmt.go:135.14,137.3 1 0
github.com/nexg/pg-flux/pkg/src/extra_stmt.go:138.2,139.16 2 1
github.com/nexg/pg-flux/pkg/src/extra_stmt.go:139.16,141.3 1 0
github.com/nexg/pg-flux/pkg/src/extra_stmt.go:142.2,143.16 2 1
github.com/nexg/pg-flux/pkg/src/extra_stmt.go:143.16,145.3 1 0
github.com/nexg/pg-flux/pkg/src/extra_stmt.go:146.2,150.29 5 1
github.com/nexg/pg-flux/pkg/src/extra_stmt.go:150.29,152.3 1 0
github.com/nexg/pg-flux/pkg/src/extra_stmt.go:153.2,162.12 2 1
github.com/nexg/pg-flux/pkg/src/extra_stmt.go:165.82,166.22 1 1
github.com/nexg/pg-flux/pkg/src/extra_stmt.go:166.22,168.3 1 0
github.com/nexg/pg-flux/pkg/src/extra_stmt.go:169.2,170.38 2 1
github.com/nexg/pg-flux/pkg/src/extra_stmt.go:170.38,171.46 1 1
github.com/nexg/pg-flux/pkg/src/extra_stmt.go:171.46,173.4 1 1
github.com/nexg/pg-flux/pkg/src/extra_stmt.go:175.2,176.38 2 1
github.com/nexg/pg-flux/pkg/src/extra_stmt.go:176.38,177.15 1 1
github.com/nexg/pg-flux/pkg/src/extra_stmt.go:177.15,178.12 1 0
github.com/nexg/pg-flux/pkg/src/extra_stmt.go:180.3,180.48 1 1
github.com/nexg/pg-flux/pkg/src/extra_stmt.go:180.48,181.57 1 1
github.com/nexg/pg-flux/pkg/src/extra_stmt.go:181.57,183.5 1 1
github.com/nexg/pg-flux/pkg/src/extra_stmt.go:186.2,186.83 1 1
github.com/nexg/pg-flux/pkg/src/extra_stmt.go:189.59,190.21 1 1
github.com/nexg/pg-flux/pkg/src/extra_stmt.go:190.21,192.3 1 0
github.com/nexg/pg-flux/pkg/src/extra_stmt.go:193.2,193.21 1 1
github.com/nexg/pg-flux/pkg/src/extra_stmt.go:193.21,194.43 1 0
github.com/nexg/pg-flux/pkg/src/extra_stmt.go:194.43,196.4 1 0
github.com/nexg/pg-flux/pkg/src/extra_stmt.go:197.3,197.22 1 0
github.com/nexg/pg-flux/pkg/src/extra_stmt.go:199.2,200.42 2 1
github.com/nexg/pg-flux/pkg/src/extra_stmt.go:200.42,202.3 1 1
github.com/nexg/pg-flux/pkg/src/extra_stmt.go:203.2,203.53 1 1
github.com/nexg/pg-flux/pkg/src/extra_stmt.go:203.53,205.3 1 1
github.com/nexg/pg-flux/pkg/src/extra_stmt.go:206.2,206.21 1 0
github.com/nexg/pg-flux/pkg/src/extra_stmt.go:209.99,210.14 1 1
github.com/nexg/pg-flux/pkg/src/extra_stmt.go:210.14,212.3 1 0
github.com/nexg/pg-flux/pkg/src/extra_stmt.go:213.2,214.16 2 1
github.com/nexg/pg-flux/pkg/src/extra_stmt.go:214.16,216.3 1 0
github.com/nexg/pg-flux/pkg/src/extra_stmt.go:217.2,218.16 2 1
github.com/nexg/pg-flux/pkg/src/extra_stmt.go:218.16,220.3 1 0
github.com/nexg/pg-flux/pkg/src/extra_stmt.go:221.2,222.26 2 1
github.com/nexg/pg-flux/pkg/src/extra_stmt.go:222.26,224.3 1 0
github.com/nexg/pg-flux/pkg/src/extra_stmt.go:225.2,226.29 2 1
github.com/nexg/pg-flux/pkg/src/extra_stmt.go:226.29,228.3 1 0
github.com/nexg/pg-flux/pkg/src/extra_stmt.go:229.2,231.12 3 1
github.com/nexg/pg-flux/pkg/src/extra_stmt.go:234.87,236.16 2 1
github.com/nexg/pg-flux/pkg/src/extra_stmt.go:236.16,238.3 1 0
github.com/nexg/pg-flux/pkg/src/extra_stmt.go:239.2,240.12 2 1
github.com/nexg/pg-flux/pkg/src/extra_stmt.go:243.93,244.37 1 1
github.com/nexg/pg-flux/pkg/src/extra_stmt.go:244.37,246.3 1 0
github.com/nexg/pg-flux/pkg/src/extra_stmt.go:247.2,248.16 2 1
github.com/nexg/pg-flux/pkg/src/extra_stmt.go:248.16,250.3 1 0
github.com/nexg/pg-flux/pkg/src/extra_stmt.go:251.2,253.15 3 1
github.com/nexg/pg-flux/pkg/src/extra_stmt.go:253.15,255.3 1 0
github.com/nexg/pg-flux/pkg/src/extra_stmt.go:256.2,260.27 5 1
github.com/nexg/pg-flux/pkg/src/extra_stmt.go:260.27,262.3 1 0
github.com/nexg/pg-flux/pkg/src/extra_stmt.go:263.2,274.12 5 1
github.com/nexg/pg-flux/pkg/src/extra_stmt.go:277.97,278.37 1 1
github.com/nexg/pg-flux/pkg/src/extra_stmt.go:278.37,280.3 1 0
github.com/nexg/pg-flux/pkg/src/extra_stmt.go:281.2,282.16 2 1
github.com/nexg/pg-flux/pkg/src/extra_stmt.go:282.16,284.3 1 0
github.com/nexg/pg-flux/pkg/src/extra_stmt.go:285.2,287.15 3 1
github.com/nexg/pg-flux/pkg/src/extra_stmt.go:287.15,289.3 1 0
github.com/nexg/pg-flux/pkg/src/extra_stmt.go:290.2,295.17 6 1
github.com/nexg/pg-flux/pkg/src/extra_stmt.go:295.17,297.3 1 0
github.com/nexg/pg-flux/pkg/src/extra_stmt.go:298.2,299.24 2 1
github.com/nexg/pg-flux/pkg/src/extra_stmt.go:299.24,300.54 1 1
github.com/nexg/pg-flux/pkg/src/extra_stmt.go:300.54,302.4 1 1
github.com/nexg/pg-flux/pkg/src/extra_stmt.go:304.2,304.29 1 1
github.com/nexg/pg-flux/pkg/src/extra_stmt.go:304.29,305.59 1 0
github.com/nexg/pg-flux/pkg/src/extra_stmt.go:305.59,307.4 1 0
github.com/nexg/pg-flux/pkg/src/extra_stmt.go:309.2,309.57 1 1
github.com/nexg/pg-flux/pkg/src/extra_stmt.go:309.57,311.3 1 0
github.com/nexg/pg-flux/pkg/src/extra_stmt.go:312.2,312.12 1 1
github.com/nexg/pg-flux/pkg/src/hints.go:11.59,12.58 1 1
github.com/nexg/pg-flux/pkg/src/hints.go:12.58,14.17 2 1
github.com/nexg/pg-flux/pkg/src/hints.go:14.17,16.4 1 0
github.com/nexg/pg-flux/pkg/src/hints.go:17.3,17.18 1 1
github.com/nexg/pg-flux/pkg/src/hints.go:19.2,19.18 1 1
github.com/nexg/pg-flux/pkg/src/hints.go:23.70,25.54 2 1
github.com/nexg/pg-flux/pkg/src/hints.go:25.54,27.3 1 1
github.com/nexg/pg-flux/pkg/src/hints.go:28.2,28.55 1 1
github.com/nexg/pg-flux/pkg/src/hints.go:28.55,30.3 1 0
github.com/nexg/pg-flux/pkg/src/hints.go:31.2,31.53 1 1
github.com/nexg/pg-flux/pkg/src/hints.go:31.53,34.3 2 1
github.com/nexg/pg-flux/pkg/src/hints.go:35.2,35.56 1 1
github.com/nexg/pg-flux/pkg/src/hints.go:35.56,37.3 1 0
github.com/nexg/pg-flux/pkg/src/hints.go:38.2,38.22 1 1
github.com/nexg/pg-flux/pkg/src/hints.go:41.49,44.2 2 1
github.com/nexg/pg-flux/pkg/src/hints.go:46.43,48.13 2 1
github.com/nexg/pg-flux/pkg/src/hints.go:48.13,50.3 1 0
github.com/nexg/pg-flux/pkg/src/hints.go:51.2,51.17 1 1
github.com/nexg/pg-flux/pkg/src/hints.go:51.17,52.39 1 0
github.com/nexg/pg-flux/pkg/src/hints.go:52.39,54.4 1 0
github.com/nexg/pg-flux/pkg/src/hints.go:55.3,55.30 1 0
github.com/nexg/pg-flux/pkg/src/hints.go:57.2,57.32 1 1
github.com/nexg/pg-flux/pkg/src/hints.go:61.56,62.16 1 1
github.com/nexg/pg-flux/pkg/src/hints.go:62.16,64.3 1 0
github.com/nexg/pg-flux/pkg/src/hints.go:65.2,65.27 1 1
github.com/nexg/pg-flux/pkg/src/hints.go:65.27,67.3 1 0
github.com/nexg/pg-flux/pkg/src/hints.go:68.2,69.28 2 1
github.com/nexg/pg-flux/pkg/src/hints.go:69.28,70.18 1 1
github.com/nexg/pg-flux/pkg/src/hints.go:70.18,71.9 1 1
github.com/nexg/pg-flux/pkg/src/hints.go:73.3,73.16 1 1
github.com/nexg/pg-flux/pkg/src/hints.go:73.16,75.4 1 1
github.com/nexg/pg-flux/pkg/src/hints.go:77.2,77.13 1 1
github.com/nexg/pg-flux/pkg/src/hints.go:81.51,82.34 1 1
github.com/nexg/pg-flux/pkg/src/hints.go:82.34,84.3 1 0
github.com/nexg/pg-flux/pkg/src/hints.go:85.2,85.19 1 1
github.com/nexg/pg-flux/pkg/src/hints.go:89.62,90.33 1 1
github.com/nexg/pg-flux/pkg/src/hints.go:90.33,91.40 1 1
github.com/nexg/pg-flux/pkg/src/hints.go:91.40,93.4 1 1
github.com/nexg/pg-flux/pkg/src/hints.go:95.2,95.11 1 1
github.com/nexg/pg-flux/pkg/src/parser.go:29.69,31.26 2 1
github.com/nexg/pg-flux/pkg/src/parser.go:31.26,33.3 1 0
github.com/nexg/pg-flux/pkg/src/parser.go:33.8,35.17 2 1
github.com/nexg/pg-flux/pkg/src/parser.go:35.17,37.4 1 0
github.com/nexg/pg-flux/pkg/src/parser.go:38.3,38.83 1 1
github.com/nexg/pg-flux/pkg/src/parser.go:38.83,39.18 1 1
github.com/nexg/pg-flux/pkg/src/parser.go:39.18,41.5 1 0
github.com/nexg/pg-flux/pkg/src/parser.go:42.4,42.17 1 1
github.com/nexg/pg-flux/pkg/src/parser.go:42.17,44.5 1 1
github.com/nexg/pg-flux/pkg/src/parser.go:45.4,45.56 1 1
github.com/nexg/pg-flux/pkg/src/parser.go:45.56,47.5 1 1
github.com/nexg/pg-flux/pkg/src/parser.go:48.4,48.14 1 1
github.com/nexg/pg-flux/pkg/src/parser.go:50.3,50.17 1 1
github.com/nexg/pg-flux/pkg/src/parser.go:50.17,52.4 1 0
github.com/nexg/pg-flux/pkg/src/parser.go:53.3,53.22 1 1
github.com/nexg/pg-flux/pkg/src/parser.go:55.2,64.26 2 1
github.com/nexg/pg-flux/pkg/src/parser.go:64.26,65.51 1 1
github.com/nexg/pg-flux/pkg/src/parser.go:65.51,67.4 1 0
github.com/nexg/pg-flux/pkg/src/parser.go:69.2,69.16 1 1
github.com/nexg/pg-flux/pkg/src/parser.go:72.80,74.16 2 1
github.com/nexg/pg-flux/pkg/src/parser.go:74.16,76.3 1 0
github.com/nexg/pg-flux/pkg/src/parser.go:77.2,82.16 5 1
github.com/nexg/pg-flux/pkg/src/parser.go:82.16,84.3 1 0
github.com/nexg/pg-flux/pkg/src/parser.go:85.2,85.40 1 1
github.com/nexg/pg-flux/pkg/src/parser.go:85.40,86.65 1 1
github.com/nexg/pg-flux/pkg/src/parser.go:86.65,88.4 1 0
github.com/nexg/pg-flux/pkg/src/parser.go:89.3,89.56 1 1
github.com/nexg/pg-flux/pkg/src/parser.go:89.56,91.4 1 0
github.com/nexg/pg-flux/pkg/src/parser.go:92.3,92.22 1 1
github.com/nexg/pg-flux/pkg/src/parser.go:92.22,93.43 1 1
github.com/nexg/pg-flux/pkg/src/parser.go:93.43,94.50 1 1
github.com/nexg/pg-flux/pkg/src/parser.go:94.50,96.6 1 0
github.com/nexg/pg-flux/pkg/src/parser.go:100.2,100.12 1 1
github.com/nexg/pg-flux/pkg/src/parser.go:103.54,105.25 2 0
github.com/nexg/pg-flux/pkg/src/parser.go:105.25,107.54 2 0
github.com/nexg/pg-flux/pkg/src/parser.go:107.54,109.4 1 0
github.com/nexg/pg-flux/pkg/src/parser.go:109.9,109.27 1 0
github.com/nexg/pg-flux/pkg/src/parser.go:109.27,111.4 1 0
github.com/nexg/pg-flux/pkg/src/parser.go:112.3,112.61 1 0
github.com/nexg/pg-flux/pkg/src/parser.go:114.2,114.37 1 0
github.com/nexg/pg-flux/pkg/src/parser.go:117.101,118.40 1 1
github.com/nexg/pg-flux/pkg/src/parser.go:118.40,120.3 1 0
github.com/nexg/pg-flux/pkg/src/parser.go:121.2,121.45 1 1
github.com/nexg/pg-flux/pkg/src/parser.go:122.28,123.63 1 1
github.com/nexg/pg-flux/pkg/src/parser.go:124.26,125.42 1 1
github.com/nexg/pg-flux/pkg/src/parser.go:126.31,127.51 1 1
github.com/nexg/pg-flux/pkg/src/parser.go:128.32,129.51 1 1
github.com/nexg/pg-flux/pkg/src/parser.go:130.35,131.54 1 1
github.com/nexg/pg-flux/pkg/src/parser.go:132.32,133.54 1 1
github.com/nexg/pg-flux/pkg/src/parser.go:134.10,135.13 1 1
github.com/nexg/pg-flux/pkg/src/parser.go:139.121,140.42 1 1
github.com/nexg/pg-flux/pkg/src/parser.go:140.42,142.3 1 0
github.com/nexg/pg-flux/pkg/src/parser.go:146.2,146.30 1 1
github.com/nexg/pg-flux/pkg/src/parser.go:146.30,148.3 1 1
github.com/nexg/pg-flux/pkg/src/parser.go:149.2,151.22 3 1
github.com/nexg/pg-flux/pkg/src/parser.go:151.22,153.3 1 1
github.com/nexg/pg-flux/pkg/src/parser.go:154.2,155.21 2 1
github.com/nexg/pg-flux/pkg/src/parser.go:155.21,157.3 1 0
github.com/nexg/pg-flux/pkg/src/parser.go:158.2,159.27 2 1
github.com/nexg/pg-flux/pkg/src/parser.go:159.27,161.3 1 0
github.com/nexg/pg-flux/pkg/src/parser.go:163.2,168.63 3 1
github.com/nexg/pg-flux/pkg/src/parser.go:168.63,170.51 2 1
github.com/nexg/pg-flux/pkg/src/parser.go:170.51,172.4 1 0
github.com/nexg/pg-flux/pkg/src/parser.go:173.3,173.35 1 1
github.com/nexg/pg-flux/pkg/src/parser.go:173.35,175.4 1 0
github.com/nexg/pg-flux/pkg/src/parser.go:177.2,177.40 1 1
github.com/nexg/pg-flux/pkg/src/parser.go:177.40,178.17 1 1
github.com/nexg/pg-flux/pkg/src/parser.go:178.17,179.12 1 0
github.com/nexg/pg-flux/pkg/src/parser.go:181.3,181.42 1 1
github.com/nexg/pg-flux/pkg/src/parser.go:181.42,187.18 3 1
github.com/nexg/pg-flux/pkg/src/parser.go:187.18,189.5 1 0
github.com/nexg/pg-flux/pkg/src/parser.go:190.4,191.33 2 1
github.com/nexg/pg-flux/pkg/src/parser.go:191.33,193.19 2 0
github.com/nexg/pg-flux/pkg/src/parser.go:193.19,195.6 1 0
github.com/nexg/pg-flux/pkg/src/parser.go:196.5,196.43 1 0
github.com/nexg/pg-flux/pkg/src/parser.go:198.4,200.60 3 1
github.com/nexg/pg-flux/pkg/src/parser.go:200.60,201.73 1 1
github.com/nexg/pg-flux/pkg/src/parser.go:201.73,203.6 1 1
github.com/nexg/pg-flux/pkg/src/parser.go:205.4,205.42 1 1
github.com/nexg/pg-flux/pkg/src/parser.go:205.42,206.17 1 1
github.com/nexg/pg-flux/pkg/src/parser.go:206.17,207.14 1 0
github.com/nexg/pg-flux/pkg/src/parser.go:209.5,209.43 1 1
github.com/nexg/pg-flux/pkg/src/parser.go:209.43,210.29 1 1
github.com/nexg/pg-flux/pkg/src/parser.go:211.41,213.25 2 1
github.com/nexg/pg-flux/pkg/src/parser.go:214.41,215.25 1 1
github.com/nexg/pg-flux/pkg/src/parser.go:219.4,219.38 1 1
github.com/nexg/pg-flux/pkg/src/parser.go:220.9,220.52 1 1
github.com/nexg/pg-flux/pkg/src/parser.go:220.52,221.28 1 1
github.com/nexg/pg-flux/pkg/src/parser.go:222.39,223.37 1 0
github.com/nexg/pg-flux/pkg/src/parser.go:223.37,224.18 1 0
github.com/nexg/pg-flux/pkg/src/parser.go:224.18,225.15 1 0
github.com/nexg/pg-flux/pkg/src/parser.go:227.6,227.39 1 0
github.com/nexg/pg-flux/pkg/src/parser.go:227.39,229.7 1 0
github.com/nexg/pg-flux/pkg/src/parser.go:231.131,233.19 2 1
github.com/nexg/pg-flux/pkg/src/parser.go:233.19,235.6 1 0
github.com/nexg/pg-flux/pkg/src/parser.go:236.5,236.17 1 1
github.com/nexg/pg-flux/pkg/src/parser.go:236.17,238.6 1 0
github.com/nexg/pg-flux/pkg/src/parser.go:239.5,239.29 1 1
github.com/nexg/pg-flux/pkg/src/parser.go:240.38,241.76 1 1
github.com/nexg/pg-flux/pkg/src/parser.go:242.40,243.91 1 1
github.com/nexg/pg-flux/pkg/src/parser.go:244.39,245.79 1 1
github.com/nexg/pg-flux/pkg/src/parser.go:246.42,247.84 1 1
github.com/nexg/pg-flux/pkg/src/parser.go:252.2,252.42 1 1
github.com/nexg/pg-flux/pkg/src/parser.go:252.42,254.3 1 1
github.com/nexg/pg-flux/pkg/src/parser.go:255.2,256.12 2 1
github.com/nexg/pg-flux/pkg/src/plpgsql.go:13.46,14.37 1 1
github.com/nexg/pg-flux/pkg/src/plpgsql.go:14.37,16.3 1 1
github.com/nexg/pg-flux/pkg/src/plpgsql.go:17.2,18.12 2 1
github.com/nexg/pg-flux/pkg/src/policy_roles.go:10.55,11.21 1 1
github.com/nexg/pg-flux/pkg/src/policy_roles.go:11.21,13.3 1 1
github.com/nexg/pg-flux/pkg/src/policy_roles.go:14.2,15.26 2 1
github.com/nexg/pg-flux/pkg/src/policy_roles.go:15.26,16.15 1 1
github.com/nexg/pg-flux/pkg/src/policy_roles.go:16.15,17.12 1 0
github.com/nexg/pg-flux/pkg/src/policy_roles.go:19.3,19.39 1 1
github.com/nexg/pg-flux/pkg/src/policy_roles.go:19.39,20.65 1 1
github.com/nexg/pg-flux/pkg/src/policy_roles.go:20.65,22.5 1 0
github.com/nexg/pg-flux/pkg/src/policy_roles.go:25.2,25.19 1 1
github.com/nexg/pg-flux/pkg/src/policy_roles.go:25.19,27.3 1 1
github.com/nexg/pg-flux/pkg/src/policy_roles.go:29.2,29.12 1 0
github.com/nexg/pg-flux/pkg/src/sql_validate.go:10.46,12.15 2 1
github.com/nexg/pg-flux/pkg/src/sql_validate.go:12.15,14.3 1 0
github.com/nexg/pg-flux/pkg/src/sql_validate.go:15.2,16.12 2 1
github.com/nexg/pg-flux/pkg/src/typename.go:11.54,12.15 1 1
github.com/nexg/pg-flux/pkg/src/typename.go:12.15,14.3 1 0
github.com/nexg/pg-flux/pkg/src/typename.go:15.2,16.19 2 1
github.com/nexg/pg-flux/pkg/src/typename.go:16.19,18.3 1 0
github.com/nexg/pg-flux/pkg/src/typename.go:20.2,20.34 1 1
github.com/nexg/pg-flux/pkg/src/typename.go:20.34,21.12 1 1
github.com/nexg/pg-flux/pkg/src/typename.go:21.12,23.4 1 1
github.com/nexg/pg-flux/pkg/src/typename.go:24.3,25.17 2 1
github.com/nexg/pg-flux/pkg/src/typename.go:25.17,27.4 1 0
github.com/nexg/pg-flux/pkg/src/typename.go:28.3,28.19 1 1
github.com/nexg/pg-flux/pkg/src/typename.go:30.2,30.30 1 1
github.com/nexg/pg-flux/pkg/src/typename.go:30.30,32.38 2 1
github.com/nexg/pg-flux/pkg/src/typename.go:32.38,33.13 1 1
github.com/nexg/pg-flux/pkg/src/typename.go:33.13,35.5 1 0
github.com/nexg/pg-flux/pkg/src/typename.go:36.4,36.17 1 1
github.com/nexg/pg-flux/pkg/src/typename.go:36.17,37.13 1 0
github.com/nexg/pg-flux/pkg/src/typename.go:40.4,40.37 1 1
github.com/nexg/pg-flux/pkg/src/typename.go:40.37,41.35 1 1
github.com/nexg/pg-flux/pkg/src/typename.go:41.35,43.14 2 1
github.com/nexg/pg-flux/pkg/src/typename.go:45.5,45.35 1 0
github.com/nexg/pg-flux/pkg/src/typename.go:45.35,47.6 1 0
github.com/nexg/pg-flux/pkg/src/typename.go:50.3,50.21 1 1
github.com/nexg/pg-flux/pkg/src/typename.go:52.2,52.34 1 1
github.com/nexg/pg-flux/pkg/src/typename.go:52.34,54.3 1 1
github.com/nexg/pg-flux/pkg/src/typename.go:55.2,55.24 1 1
github.com/nexg/pg-flux/pkg/src/typename.go:58.53,59.14 1 1
github.com/nexg/pg-flux/pkg/src/typename.go:59.14,61.3 1 0
github.com/nexg/pg-flux/pkg/src/typename.go:62.2,62.33 1 1
github.com/nexg/pg-flux/pkg/src/typename.go:63.25,64.23 1 1
github.com/nexg/pg-flux/pkg/src/typename.go:64.23,66.4 1 0
github.com/nexg/pg-flux/pkg/src/typename.go:67.3,67.54 1 1
github.com/nexg/pg-flux/pkg/src/typename.go:68.10,69.60 1 0
github.com/nexg/pg-flux/pkg/src/typename.go:73.45,74.16 1 1
github.com/nexg/pg-flux/pkg/src/typename.go:74.16,76.3 1 0
github.com/nexg/pg-flux/pkg/src/typename.go:78.2,78.37 1 1
github.com/nexg/pg-flux/pkg/src/typename.go:78.37,80.3 1 0
github.com/nexg/pg-flux/pkg/src/typename.go:81.2,82.25 2 1
github.com/nexg/pg-flux/pkg/src/typename.go:82.25,83.66 1 1
github.com/nexg/pg-flux/pkg/src/typename.go:83.66,85.9 2 0
github.com/nexg/pg-flux/pkg/src/typename.go:88.2,88.15 1 1
github.com/nexg/pg-flux/pkg/src/typename.go:88.15,90.3 1 0
github.com/nexg/pg-flux/pkg/src/typename.go:91.2,91.13 1 1
github.com/nexg/pg-flux/pkg/src/typename.go:94.35,96.2 1 0
github.com/nexg/pg-flux/pkg/src/typename.go:98.48,99.14 1 0
github.com/nexg/pg-flux/pkg/src/typename.go:99.14,101.3 1 0
github.com/nexg/pg-flux/pkg/src/typename.go:102.2,103.24 2 0
