mode: set
github.com/nexg/pg-flux/pkg/differ/change_sort.go:15.69,18.43 3 1
github.com/nexg/pg-flux/pkg/differ/change_sort.go:18.43,20.15 2 1
github.com/nexg/pg-flux/pkg/differ/change_sort.go:20.15,22.4 1 1
github.com/nexg/pg-flux/pkg/differ/change_sort.go:24.3,24.83 1 1
github.com/nexg/pg-flux/pkg/differ/change_sort.go:24.83,25.40 1 1
github.com/nexg/pg-flux/pkg/differ/change_sort.go:25.40,29.17 4 1
github.com/nexg/pg-flux/pkg/differ/change_sort.go:29.17,31.6 1 1
github.com/nexg/pg-flux/pkg/differ/change_sort.go:35.3,35.81 1 0
github.com/nexg/pg-flux/pkg/differ/change_sort.go:35.81,36.40 1 0
github.com/nexg/pg-flux/pkg/differ/change_sort.go:36.40,40.17 4 0
github.com/nexg/pg-flux/pkg/differ/change_sort.go:40.17,42.6 1 0
github.com/nexg/pg-flux/pkg/differ/change_sort.go:45.3,46.17 2 0
github.com/nexg/pg-flux/pkg/differ/change_sort.go:46.17,48.4 1 0
github.com/nexg/pg-flux/pkg/differ/change_sort.go:49.3,49.15 1 0
github.com/nexg/pg-flux/pkg/differ/change_sort.go:53.28,53.70 1 1
github.com/nexg/pg-flux/pkg/differ/change_sort.go:55.36,61.49 5 1
github.com/nexg/pg-flux/pkg/differ/change_sort.go:61.49,62.17 1 0
github.com/nexg/pg-flux/pkg/differ/change_sort.go:62.17,64.4 1 0
github.com/nexg/pg-flux/pkg/differ/change_sort.go:64.9,67.4 2 0
github.com/nexg/pg-flux/pkg/differ/change_sort.go:69.2,69.18 1 1
github.com/nexg/pg-flux/pkg/differ/change_sort.go:69.18,71.3 1 0
github.com/nexg/pg-flux/pkg/differ/change_sort.go:71.8,74.3 2 1
github.com/nexg/pg-flux/pkg/differ/change_sort.go:75.2,75.19 1 1
github.com/nexg/pg-flux/pkg/differ/change_sort.go:75.19,77.3 1 0
github.com/nexg/pg-flux/pkg/differ/change_sort.go:77.8,80.3 2 1
github.com/nexg/pg-flux/pkg/differ/change_sort.go:81.2,81.17 1 1
github.com/nexg/pg-flux/pkg/differ/change_sort.go:81.17,84.3 2 0
github.com/nexg/pg-flux/pkg/differ/change_sort.go:85.2,85.18 1 1
github.com/nexg/pg-flux/pkg/differ/change_sort.go:85.18,90.3 4 0
github.com/nexg/pg-flux/pkg/differ/change_sort.go:90.8,93.3 2 1
github.com/nexg/pg-flux/pkg/differ/change_sort.go:94.2,94.18 1 1
github.com/nexg/pg-flux/pkg/differ/change_sort.go:94.18,96.3 1 0
github.com/nexg/pg-flux/pkg/differ/change_sort.go:96.8,98.3 1 1
github.com/nexg/pg-flux/pkg/differ/change_sort.go:99.2,99.19 1 1
github.com/nexg/pg-flux/pkg/differ/diff_extensions.go:29.48,31.13 2 1
github.com/nexg/pg-flux/pkg/differ/diff_extensions.go:31.13,33.3 1 1
github.com/nexg/pg-flux/pkg/differ/diff_extensions.go:35.2,35.60 1 1
github.com/nexg/pg-flux/pkg/differ/diff_extensions.go:35.60,37.3 1 1
github.com/nexg/pg-flux/pkg/differ/diff_extensions.go:39.2,39.65 1 1
github.com/nexg/pg-flux/pkg/differ/diff_extensions.go:39.65,41.3 1 1
github.com/nexg/pg-flux/pkg/differ/diff_extensions.go:43.2,43.66 1 1
github.com/nexg/pg-flux/pkg/differ/diff_extensions.go:43.66,46.3 2 1
github.com/nexg/pg-flux/pkg/differ/diff_extensions.go:47.2,47.12 1 1
github.com/nexg/pg-flux/pkg/differ/diff_extensions.go:50.43,51.14 1 1
github.com/nexg/pg-flux/pkg/differ/diff_extensions.go:51.14,53.3 1 0
github.com/nexg/pg-flux/pkg/differ/diff_extensions.go:54.2,54.25 1 1
github.com/nexg/pg-flux/pkg/differ/diff_extensions.go:54.25,56.3 1 0
github.com/nexg/pg-flux/pkg/differ/diff_extensions.go:59.56,60.37 1 1
github.com/nexg/pg-flux/pkg/differ/diff_extensions.go:60.37,63.3 1 1
github.com/nexg/pg-flux/pkg/differ/diff_extensions.go:64.2,67.34 4 1
github.com/nexg/pg-flux/pkg/differ/diff_extensions.go:67.34,68.16 1 1
github.com/nexg/pg-flux/pkg/differ/diff_extensions.go:68.16,69.12 1 0
github.com/nexg/pg-flux/pkg/differ/diff_extensions.go:71.3,72.16 2 1
github.com/nexg/pg-flux/pkg/differ/diff_extensions.go:72.16,74.12 2 0
github.com/nexg/pg-flux/pkg/differ/diff_extensions.go:77.3,77.109 1 1
github.com/nexg/pg-flux/pkg/differ/diff_extensions.go:77.109,79.12 2 1
github.com/nexg/pg-flux/pkg/differ/diff_extensions.go:81.3,81.79 1 0
github.com/nexg/pg-flux/pkg/differ/diff_extensions.go:81.79,82.58 1 0
github.com/nexg/pg-flux/pkg/differ/diff_extensions.go:82.58,85.5 2 0
github.com/nexg/pg-flux/pkg/differ/diff_extensions.go:88.2,88.34 1 1
github.com/nexg/pg-flux/pkg/differ/diff_extensions.go:88.34,89.16 1 1
github.com/nexg/pg-flux/pkg/differ/diff_extensions.go:89.16,90.12 1 0
github.com/nexg/pg-flux/pkg/differ/diff_extensions.go:92.3,92.29 1 1
github.com/nexg/pg-flux/pkg/differ/diff_extensions.go:92.29,94.4 1 0
github.com/nexg/pg-flux/pkg/differ/diff_extensions.go:96.2,96.12 1 1
github.com/nexg/pg-flux/pkg/differ/diff_extensions.go:99.51,100.38 1 1
github.com/nexg/pg-flux/pkg/differ/diff_extensions.go:100.38,102.3 1 1
github.com/nexg/pg-flux/pkg/differ/diff_extensions.go:103.2,104.33 2 1
github.com/nexg/pg-flux/pkg/differ/diff_extensions.go:104.33,106.14 2 1
github.com/nexg/pg-flux/pkg/differ/diff_extensions.go:106.14,107.12 1 1
github.com/nexg/pg-flux/pkg/differ/diff_extensions.go:109.3,109.88 1 1
github.com/nexg/pg-flux/pkg/differ/diff_extensions.go:111.2,111.12 1 1
github.com/nexg/pg-flux/pkg/differ/diff_extensions.go:117.54,118.41 1 1
github.com/nexg/pg-flux/pkg/differ/diff_extensions.go:118.41,120.3 1 1
github.com/nexg/pg-flux/pkg/differ/diff_extensions.go:121.2,122.34 2 1
github.com/nexg/pg-flux/pkg/differ/diff_extensions.go:122.34,123.15 1 1
github.com/nexg/pg-flux/pkg/differ/diff_extensions.go:123.15,124.12 1 0
github.com/nexg/pg-flux/pkg/differ/diff_extensions.go:126.3,127.14 2 1
github.com/nexg/pg-flux/pkg/differ/diff_extensions.go:127.14,128.12 1 1
github.com/nexg/pg-flux/pkg/differ/diff_extensions.go:130.3,130.64 1 1
github.com/nexg/pg-flux/pkg/differ/diff_extensions.go:132.2,132.12 1 1
github.com/nexg/pg-flux/pkg/differ/diff_extra.go:20.58,22.2 1 1
github.com/nexg/pg-flux/pkg/differ/diff_extra.go:24.40,25.14 1 1
github.com/nexg/pg-flux/pkg/differ/diff_extra.go:25.14,27.3 1 0
github.com/nexg/pg-flux/pkg/differ/diff_extra.go:28.2,28.22 1 1
github.com/nexg/pg-flux/pkg/differ/diff_extra.go:28.22,30.3 1 1
github.com/nexg/pg-flux/pkg/differ/diff_extra.go:31.2,31.24 1 1
github.com/nexg/pg-flux/pkg/differ/diff_extra.go:31.24,33.3 1 1
github.com/nexg/pg-flux/pkg/differ/diff_extra.go:34.2,34.23 1 1
github.com/nexg/pg-flux/pkg/differ/diff_extra.go:34.23,36.3 1 1
github.com/nexg/pg-flux/pkg/differ/diff_extra.go:39.53,43.31 4 1
github.com/nexg/pg-flux/pkg/differ/diff_extra.go:43.31,44.16 1 1
github.com/nexg/pg-flux/pkg/differ/diff_extra.go:44.16,45.12 1 0
github.com/nexg/pg-flux/pkg/differ/diff_extra.go:47.3,48.16 2 1
github.com/nexg/pg-flux/pkg/differ/diff_extra.go:48.16,50.12 2 1
github.com/nexg/pg-flux/pkg/differ/diff_extra.go:52.3,52.30 1 0
github.com/nexg/pg-flux/pkg/differ/diff_extra.go:52.30,55.4 2 0
github.com/nexg/pg-flux/pkg/differ/diff_extra.go:57.2,57.31 1 1
github.com/nexg/pg-flux/pkg/differ/diff_extra.go:57.31,58.16 1 0
github.com/nexg/pg-flux/pkg/differ/diff_extra.go:58.16,59.12 1 0
github.com/nexg/pg-flux/pkg/differ/diff_extra.go:61.3,61.26 1 0
github.com/nexg/pg-flux/pkg/differ/diff_extra.go:61.26,63.4 1 0
github.com/nexg/pg-flux/pkg/differ/diff_extra.go:65.2,65.12 1 1
github.com/nexg/pg-flux/pkg/differ/diff_extra.go:68.29,70.13 2 1
github.com/nexg/pg-flux/pkg/differ/diff_extra.go:70.13,72.3 1 0
github.com/nexg/pg-flux/pkg/differ/diff_extra.go:73.2,74.16 2 1
github.com/nexg/pg-flux/pkg/differ/diff_extra.go:74.16,76.3 1 0
github.com/nexg/pg-flux/pkg/differ/diff_extra.go:77.2,77.10 1 1
github.com/nexg/pg-flux/pkg/differ/diff_extra.go:81.38,83.2 1 1
github.com/nexg/pg-flux/pkg/differ/diff_extra.go:86.37,87.13 1 1
github.com/nexg/pg-flux/pkg/differ/diff_extra.go:87.13,89.3 1 0
github.com/nexg/pg-flux/pkg/differ/diff_extra.go:90.2,91.22 2 1
github.com/nexg/pg-flux/pkg/differ/diff_extra.go:91.22,92.66 1 1
github.com/nexg/pg-flux/pkg/differ/diff_extra.go:92.66,94.9 2 0
github.com/nexg/pg-flux/pkg/differ/diff_extra.go:97.2,97.15 1 1
github.com/nexg/pg-flux/pkg/differ/diff_extra.go:97.15,99.3 1 0
github.com/nexg/pg-flux/pkg/differ/diff_extra.go:100.2,100.10 1 1
github.com/nexg/pg-flux/pkg/differ/diff_extra.go:105.79,107.15 2 1
github.com/nexg/pg-flux/pkg/differ/diff_extra.go:107.15,109.3 1 0
github.com/nexg/pg-flux/pkg/differ/diff_extra.go:110.2,113.9 3 1
github.com/nexg/pg-flux/pkg/differ/diff_extra.go:113.9,115.3 1 0
github.com/nexg/pg-flux/pkg/differ/diff_extra.go:116.2,119.19 4 1
github.com/nexg/pg-flux/pkg/differ/diff_extra.go:124.48,126.13 2 1
github.com/nexg/pg-flux/pkg/differ/diff_extra.go:126.13,128.3 1 0
github.com/nexg/pg-flux/pkg/differ/diff_extra.go:129.2,130.9 2 1
github.com/nexg/pg-flux/pkg/differ/diff_extra.go:130.9,132.3 1 0
github.com/nexg/pg-flux/pkg/differ/diff_extra.go:133.2,136.19 4 1
github.com/nexg/pg-flux/pkg/differ/diff_extra.go:139.48,141.43 2 1
github.com/nexg/pg-flux/pkg/differ/diff_extra.go:141.43,143.3 1 0
github.com/nexg/pg-flux/pkg/differ/diff_extra.go:144.2,145.16 2 1
github.com/nexg/pg-flux/pkg/differ/diff_extra.go:145.16,147.3 1 0
github.com/nexg/pg-flux/pkg/differ/diff_extra.go:148.2,148.37 1 1
github.com/nexg/pg-flux/pkg/differ/diff_extra.go:151.48,152.28 1 1
github.com/nexg/pg-flux/pkg/differ/diff_extra.go:152.28,154.3 1 0
github.com/nexg/pg-flux/pkg/differ/diff_extra.go:155.2,157.29 3 1
github.com/nexg/pg-flux/pkg/differ/diff_extra.go:161.71,165.14 4 1
github.com/nexg/pg-flux/pkg/differ/diff_extra.go:165.14,167.3 1 1
github.com/nexg/pg-flux/pkg/differ/diff_extra.go:168.2,169.29 2 1
github.com/nexg/pg-flux/pkg/differ/diff_extra.go:173.37,175.13 2 1
github.com/nexg/pg-flux/pkg/differ/diff_extra.go:175.13,177.3 1 0
github.com/nexg/pg-flux/pkg/differ/diff_extra.go:178.2,179.38 2 1
github.com/nexg/pg-flux/pkg/differ/diff_extra.go:179.38,181.3 1 0
github.com/nexg/pg-flux/pkg/differ/diff_extra.go:182.2,183.16 2 1
github.com/nexg/pg-flux/pkg/differ/diff_extra.go:183.16,185.3 1 0
github.com/nexg/pg-flux/pkg/differ/diff_extra.go:186.2,186.31 1 1
github.com/nexg/pg-flux/pkg/differ/diff_extra.go:190.34,192.2 1 1
github.com/nexg/pg-flux/pkg/differ/diff_extra.go:197.37,202.2 4 1
github.com/nexg/pg-flux/pkg/differ/diff_extra.go:204.55,208.33 4 1
github.com/nexg/pg-flux/pkg/differ/diff_extra.go:208.33,209.16 1 1
github.com/nexg/pg-flux/pkg/differ/diff_extra.go:209.16,210.12 1 0
github.com/nexg/pg-flux/pkg/differ/diff_extra.go:212.3,213.16 2 1
github.com/nexg/pg-flux/pkg/differ/diff_extra.go:213.16,215.12 2 1
github.com/nexg/pg-flux/pkg/differ/diff_extra.go:217.3,217.59 1 0
github.com/nexg/pg-flux/pkg/differ/diff_extra.go:217.59,219.4 1 0
github.com/nexg/pg-flux/pkg/differ/diff_extra.go:221.2,221.33 1 1
github.com/nexg/pg-flux/pkg/differ/diff_extra.go:221.33,222.16 1 0
github.com/nexg/pg-flux/pkg/differ/diff_extra.go:222.16,223.12 1 0
github.com/nexg/pg-flux/pkg/differ/diff_extra.go:225.3,225.28 1 0
github.com/nexg/pg-flux/pkg/differ/diff_extra.go:225.28,227.4 1 0
github.com/nexg/pg-flux/pkg/differ/diff_extra.go:229.2,229.12 1 1
github.com/nexg/pg-flux/pkg/differ/diff_extra.go:232.54,236.32 4 1
github.com/nexg/pg-flux/pkg/differ/diff_extra.go:236.32,237.16 1 1
github.com/nexg/pg-flux/pkg/differ/diff_extra.go:237.16,238.12 1 0
github.com/nexg/pg-flux/pkg/differ/diff_extra.go:240.3,241.16 2 1
github.com/nexg/pg-flux/pkg/differ/diff_extra.go:241.16,243.12 2 1
github.com/nexg/pg-flux/pkg/differ/diff_extra.go:245.3,245.29 1 0
github.com/nexg/pg-flux/pkg/differ/diff_extra.go:245.29,248.4 2 0
github.com/nexg/pg-flux/pkg/differ/diff_extra.go:250.2,250.32 1 1
github.com/nexg/pg-flux/pkg/differ/diff_extra.go:250.32,251.16 1 0
github.com/nexg/pg-flux/pkg/differ/diff_extra.go:251.16,252.12 1 0
github.com/nexg/pg-flux/pkg/differ/diff_extra.go:254.3,254.27 1 0
github.com/nexg/pg-flux/pkg/differ/diff_extra.go:254.27,256.4 1 0
github.com/nexg/pg-flux/pkg/differ/diff_extra.go:258.2,258.12 1 1
github.com/nexg/pg-flux/pkg/differ/diff_extra.go:261.46,262.26 1 1
github.com/nexg/pg-flux/pkg/differ/diff_extra.go:262.26,264.3 1 1
github.com/nexg/pg-flux/pkg/differ/diff_extra.go:265.2,265.76 1 1
github.com/nexg/pg-flux/pkg/differ/diff_extra.go:265.76,267.3 1 0
github.com/nexg/pg-flux/pkg/differ/diff_extra.go:268.2,268.70 1 1
github.com/nexg/pg-flux/pkg/differ/diff_extra.go:268.70,270.3 1 0
github.com/nexg/pg-flux/pkg/differ/diff_extra.go:271.2,271.50 1 1
github.com/nexg/pg-flux/pkg/differ/diff_extra.go:271.50,273.3 1 0
github.com/nexg/pg-flux/pkg/differ/diff_extra.go:274.2,274.52 1 1
github.com/nexg/pg-flux/pkg/differ/diff_extra.go:274.52,276.3 1 0
github.com/nexg/pg-flux/pkg/differ/diff_extra.go:277.2,277.67 1 1
github.com/nexg/pg-flux/pkg/differ/diff_extra.go:280.32,282.2 1 1
github.com/nexg/pg-flux/pkg/differ/diff_extra.go:284.38,285.17 1 1
github.com/nexg/pg-flux/pkg/differ/diff_extra.go:285.17,287.3 1 0
github.com/nexg/pg-flux/pkg/differ/diff_extra.go:288.2,290.10 3 1
github.com/nexg/pg-flux/pkg/differ/diff_extra.go:293.43,294.22 1 1
github.com/nexg/pg-flux/pkg/differ/diff_extra.go:294.22,296.3 1 0
github.com/nexg/pg-flux/pkg/differ/diff_extra.go:297.2,297.19 1 1
github.com/nexg/pg-flux/pkg/differ/diff_extra.go:297.19,298.19 1 1
github.com/nexg/pg-flux/pkg/differ/diff_extra.go:298.19,300.4 1 0
github.com/nexg/pg-flux/pkg/differ/diff_extra.go:302.2,302.13 1 1
github.com/nexg/pg-flux/pkg/differ/differ.go:31.80,32.59 1 1
github.com/nexg/pg-flux/pkg/differ/differ.go:32.59,34.3 1 0
github.com/nexg/pg-flux/pkg/differ/differ.go:35.2,35.20 1 1
github.com/nexg/pg-flux/pkg/differ/differ.go:35.20,37.3 1 0
github.com/nexg/pg-flux/pkg/differ/differ.go:38.2,38.17 1 1
github.com/nexg/pg-flux/pkg/differ/differ.go:38.17,40.3 1 0
github.com/nexg/pg-flux/pkg/differ/differ.go:41.2,46.39 4 1
github.com/nexg/pg-flux/pkg/differ/differ.go:46.39,47.33 1 1
github.com/nexg/pg-flux/pkg/differ/differ.go:47.33,49.12 2 0
github.com/nexg/pg-flux/pkg/differ/differ.go:51.3,52.29 2 1
github.com/nexg/pg-flux/pkg/differ/differ.go:52.29,54.24 2 1
github.com/nexg/pg-flux/pkg/differ/differ.go:54.25,56.5 0 0
github.com/nexg/pg-flux/pkg/differ/differ.go:57.4,57.12 1 1
github.com/nexg/pg-flux/pkg/differ/differ.go:59.3,59.23 1 1
github.com/nexg/pg-flux/pkg/differ/differ.go:59.23,61.30 2 0
github.com/nexg/pg-flux/pkg/differ/differ.go:61.30,64.13 2 0
github.com/nexg/pg-flux/pkg/differ/differ.go:66.4,68.12 3 0
github.com/nexg/pg-flux/pkg/differ/differ.go:71.3,71.103 1 1
github.com/nexg/pg-flux/pkg/differ/differ.go:75.2,75.39 1 1
github.com/nexg/pg-flux/pkg/differ/differ.go:75.39,76.33 1 1
github.com/nexg/pg-flux/pkg/differ/differ.go:76.33,77.12 1 0
github.com/nexg/pg-flux/pkg/differ/differ.go:79.3,80.55 2 1
github.com/nexg/pg-flux/pkg/differ/differ.go:80.55,81.12 1 1
github.com/nexg/pg-flux/pkg/differ/differ.go:83.3,84.17 2 1
github.com/nexg/pg-flux/pkg/differ/differ.go:84.17,86.4 1 1
github.com/nexg/pg-flux/pkg/differ/differ.go:86.9,88.4 1 0
github.com/nexg/pg-flux/pkg/differ/differ.go:89.3,89.16 1 1
github.com/nexg/pg-flux/pkg/differ/differ.go:89.16,91.4 1 0
github.com/nexg/pg-flux/pkg/differ/differ.go:92.3,93.17 2 1
github.com/nexg/pg-flux/pkg/differ/differ.go:93.17,95.4 1 0
github.com/nexg/pg-flux/pkg/differ/differ.go:96.3,98.85 2 1
github.com/nexg/pg-flux/pkg/differ/differ.go:98.85,100.4 1 1
github.com/nexg/pg-flux/pkg/differ/differ.go:104.2,104.36 1 1
github.com/nexg/pg-flux/pkg/differ/differ.go:104.36,106.43 2 1
github.com/nexg/pg-flux/pkg/differ/differ.go:106.43,107.12 1 1
github.com/nexg/pg-flux/pkg/differ/differ.go:109.3,110.18 2 0
github.com/nexg/pg-flux/pkg/differ/differ.go:110.18,111.12 1 0
github.com/nexg/pg-flux/pkg/differ/differ.go:113.3,113.86 1 0
github.com/nexg/pg-flux/pkg/differ/differ.go:117.2,117.39 1 1
github.com/nexg/pg-flux/pkg/differ/differ.go:117.39,118.33 1 1
github.com/nexg/pg-flux/pkg/differ/differ.go:118.33,119.12 1 0
github.com/nexg/pg-flux/pkg/differ/differ.go:121.3,121.55 1 1
github.com/nexg/pg-flux/pkg/differ/differ.go:121.55,122.12 1 1
github.com/nexg/pg-flux/pkg/differ/differ.go:124.3,125.36 2 1
github.com/nexg/pg-flux/pkg/differ/differ.go:125.36,127.4 1 1
github.com/nexg/pg-flux/pkg/differ/differ.go:127.9,129.4 1 0
github.com/nexg/pg-flux/pkg/differ/differ.go:130.3,131.16 2 1
github.com/nexg/pg-flux/pkg/differ/differ.go:131.16,132.12 1 0
github.com/nexg/pg-flux/pkg/differ/differ.go:134.3,134.61 1 1
github.com/nexg/pg-flux/pkg/differ/differ.go:136.2,148.23 12 1
github.com/nexg/pg-flux/pkg/differ/differ.go:148.23,150.3 1 1
github.com/nexg/pg-flux/pkg/differ/differ.go:151.2,153.16 3 1
github.com/nexg/pg-flux/pkg/differ/differ.go:153.16,155.3 1 0
github.com/nexg/pg-flux/pkg/differ/differ.go:156.2,157.90 2 1
github.com/nexg/pg-flux/pkg/differ/differ.go:193.80,194.35 1 1
github.com/nexg/pg-flux/pkg/differ/differ.go:194.35,195.33 1 1
github.com/nexg/pg-flux/pkg/differ/differ.go:195.33,196.12 1 0
github.com/nexg/pg-flux/pkg/differ/differ.go:198.3,198.42 1 1
github.com/nexg/pg-flux/pkg/differ/differ.go:198.42,200.4 1 1
github.com/nexg/pg-flux/pkg/differ/differ.go:201.3,201.50 1 1
github.com/nexg/pg-flux/pkg/differ/differ.go:201.50,203.4 1 1
github.com/nexg/pg-flux/pkg/differ/differ.go:204.3,204.73 1 0
github.com/nexg/pg-flux/pkg/differ/differ.go:204.73,206.4 1 0
github.com/nexg/pg-flux/pkg/differ/differ.go:208.2,208.14 1 0
github.com/nexg/pg-flux/pkg/differ/differ.go:211.66,212.23 1 1
github.com/nexg/pg-flux/pkg/differ/differ.go:212.23,213.18 1 1
github.com/nexg/pg-flux/pkg/differ/differ.go:213.18,214.12 1 1
github.com/nexg/pg-flux/pkg/differ/differ.go:216.3,216.58 1 1
github.com/nexg/pg-flux/pkg/differ/differ.go:216.58,218.4 1 1
github.com/nexg/pg-flux/pkg/differ/differ.go:220.2,220.14 1 1
github.com/nexg/pg-flux/pkg/differ/differ.go:223.71,226.31 3 1
github.com/nexg/pg-flux/pkg/differ/differ.go:226.31,227.15 1 1
github.com/nexg/pg-flux/pkg/differ/differ.go:227.15,229.4 1 1
github.com/nexg/pg-flux/pkg/differ/differ.go:231.2,232.31 2 1
github.com/nexg/pg-flux/pkg/differ/differ.go:232.31,233.15 1 1
github.com/nexg/pg-flux/pkg/differ/differ.go:233.15,234.12 1 0
github.com/nexg/pg-flux/pkg/differ/differ.go:236.3,236.25 1 1
github.com/nexg/pg-flux/pkg/differ/differ.go:236.25,238.11 2 1
github.com/nexg/pg-flux/pkg/differ/differ.go:238.11,239.34 1 1
github.com/nexg/pg-flux/pkg/differ/differ.go:239.34,241.14 2 0
github.com/nexg/pg-flux/pkg/differ/differ.go:244.5,246.13 3 1
github.com/nexg/pg-flux/pkg/differ/differ.go:248.4,251.23 4 1
github.com/nexg/pg-flux/pkg/differ/differ.go:251.23,253.5 1 0
github.com/nexg/pg-flux/pkg/differ/differ.go:254.4,254.12 1 1
github.com/nexg/pg-flux/pkg/differ/differ.go:256.3,257.10 2 1
github.com/nexg/pg-flux/pkg/differ/differ.go:257.10,259.12 2 1
github.com/nexg/pg-flux/pkg/differ/differ.go:261.3,262.65 2 1
github.com/nexg/pg-flux/pkg/differ/differ.go:264.2,264.28 1 1
github.com/nexg/pg-flux/pkg/differ/differ.go:264.28,265.15 1 1
github.com/nexg/pg-flux/pkg/differ/differ.go:265.15,267.4 1 1
github.com/nexg/pg-flux/pkg/differ/differ.go:269.2,269.17 1 1
github.com/nexg/pg-flux/pkg/differ/differ.go:272.40,273.26 1 1
github.com/nexg/pg-flux/pkg/differ/differ.go:273.26,275.3 1 0
github.com/nexg/pg-flux/pkg/differ/differ.go:276.2,276.48 1 1
github.com/nexg/pg-flux/pkg/differ/differ.go:276.48,278.3 1 1
github.com/nexg/pg-flux/pkg/differ/differ.go:279.2,279.28 1 1
github.com/nexg/pg-flux/pkg/differ/differ.go:279.28,281.3 1 0
github.com/nexg/pg-flux/pkg/differ/differ.go:282.2,282.52 1 1
github.com/nexg/pg-flux/pkg/differ/differ.go:282.52,284.3 1 0
github.com/nexg/pg-flux/pkg/differ/differ.go:285.2,285.14 1 1
github.com/nexg/pg-flux/pkg/differ/differ.go:288.68,289.14 1 1
github.com/nexg/pg-flux/pkg/differ/differ.go:289.14,291.3 1 0
github.com/nexg/pg-flux/pkg/differ/differ.go:292.2,293.48 2 1
github.com/nexg/pg-flux/pkg/differ/differ.go:293.48,295.3 1 0
github.com/nexg/pg-flux/pkg/differ/differ.go:296.2,296.28 1 1
github.com/nexg/pg-flux/pkg/differ/differ.go:296.28,298.3 1 1
github.com/nexg/pg-flux/pkg/differ/differ.go:299.2,299.52 1 1
github.com/nexg/pg-flux/pkg/differ/differ.go:299.52,301.3 1 0
github.com/nexg/pg-flux/pkg/differ/differ.go:302.2,302.10 1 1
github.com/nexg/pg-flux/pkg/differ/differ.go:305.32,305.76 1 1
github.com/nexg/pg-flux/pkg/differ/differ.go:306.32,306.80 1 1
github.com/nexg/pg-flux/pkg/differ/differ.go:308.111,310.23 2 1
github.com/nexg/pg-flux/pkg/differ/differ.go:310.23,312.3 1 1
github.com/nexg/pg-flux/pkg/differ/differ.go:313.2,313.43 1 1
github.com/nexg/pg-flux/pkg/differ/differ.go:313.43,315.3 1 1
github.com/nexg/pg-flux/pkg/differ/differ.go:316.2,316.11 1 1
github.com/nexg/pg-flux/pkg/differ/differ.go:319.54,320.33 1 1
github.com/nexg/pg-flux/pkg/differ/differ.go:320.33,320.84 1 1
github.com/nexg/pg-flux/pkg/differ/differ.go:321.2,321.16 1 1
github.com/nexg/pg-flux/pkg/differ/differ.go:322.30,323.17 1 1
github.com/nexg/pg-flux/pkg/differ/differ.go:323.17,325.4 1 0
github.com/nexg/pg-flux/pkg/differ/differ.go:326.3,328.5 1 1
github.com/nexg/pg-flux/pkg/differ/differ.go:329.28,334.5 2 1
github.com/nexg/pg-flux/pkg/differ/differ.go:335.30,337.101 2 1
github.com/nexg/pg-flux/pkg/differ/differ.go:338.28,341.17 3 1
github.com/nexg/pg-flux/pkg/differ/differ.go:341.17,343.4 1 1
github.com/nexg/pg-flux/pkg/differ/differ.go:344.3,344.26 1 1
github.com/nexg/pg-flux/pkg/differ/differ.go:344.26,346.4 1 1
github.com/nexg/pg-flux/pkg/differ/differ.go:347.3,347.115 1 1
github.com/nexg/pg-flux/pkg/differ/differ.go:348.29,353.5 2 1
github.com/nexg/pg-flux/pkg/differ/differ.go:354.31,356.115 2 1
github.com/nexg/pg-flux/pkg/differ/differ.go:357.30,358.22 1 1
github.com/nexg/pg-flux/pkg/differ/differ.go:359.28,361.16 2 1
github.com/nexg/pg-flux/pkg/differ/differ.go:361.16,363.4 1 1
github.com/nexg/pg-flux/pkg/differ/differ.go:363.9,365.4 1 1
github.com/nexg/pg-flux/pkg/differ/differ.go:366.3,366.31 1 1
github.com/nexg/pg-flux/pkg/differ/differ.go:366.31,368.4 1 1
github.com/nexg/pg-flux/pkg/differ/differ.go:368.9,368.39 1 1
github.com/nexg/pg-flux/pkg/differ/differ.go:368.39,370.4 1 1
github.com/nexg/pg-flux/pkg/differ/differ.go:371.3,371.12 1 1
github.com/nexg/pg-flux/pkg/differ/differ.go:372.30,373.19 1 1
github.com/nexg/pg-flux/pkg/differ/differ.go:373.19,375.4 1 0
github.com/nexg/pg-flux/pkg/differ/differ.go:376.3,384.30 3 1
github.com/nexg/pg-flux/pkg/differ/differ.go:385.28,393.5 2 1
github.com/nexg/pg-flux/pkg/differ/differ.go:394.33,395.18 1 1
github.com/nexg/pg-flux/pkg/differ/differ.go:395.18,397.4 1 0
github.com/nexg/pg-flux/pkg/differ/differ.go:398.3,400.20 3 1
github.com/nexg/pg-flux/pkg/differ/differ.go:401.12,402.46 1 1
github.com/nexg/pg-flux/pkg/differ/differ.go:403.12,404.49 1 0
github.com/nexg/pg-flux/pkg/differ/differ.go:405.11,406.21 1 1
github.com/nexg/pg-flux/pkg/differ/differ.go:408.3,408.99 1 1
github.com/nexg/pg-flux/pkg/differ/differ.go:409.31,410.18 1 1
github.com/nexg/pg-flux/pkg/differ/differ.go:410.18,412.4 1 0
github.com/nexg/pg-flux/pkg/differ/differ.go:413.3,419.5 2 1
github.com/nexg/pg-flux/pkg/differ/differ.go:420.31,421.19 1 1
github.com/nexg/pg-flux/pkg/differ/differ.go:421.19,423.4 1 0
github.com/nexg/pg-flux/pkg/differ/differ.go:424.3,424.89 1 1
github.com/nexg/pg-flux/pkg/differ/differ.go:425.29,426.19 1 1
github.com/nexg/pg-flux/pkg/differ/differ.go:426.19,428.4 1 0
github.com/nexg/pg-flux/pkg/differ/differ.go:429.3,435.5 2 1
github.com/nexg/pg-flux/pkg/differ/differ.go:436.32,442.98 3 1
github.com/nexg/pg-flux/pkg/differ/differ.go:442.98,448.4 2 1
github.com/nexg/pg-flux/pkg/differ/differ.go:449.3,449.13 1 1
github.com/nexg/pg-flux/pkg/differ/differ.go:450.33,457.5 2 1
github.com/nexg/pg-flux/pkg/differ/differ.go:458.29,459.17 1 1
github.com/nexg/pg-flux/pkg/differ/differ.go:459.17,461.4 1 0
github.com/nexg/pg-flux/pkg/differ/differ.go:462.3,462.115 1 1
github.com/nexg/pg-flux/pkg/differ/differ.go:463.27,464.17 1 1
github.com/nexg/pg-flux/pkg/differ/differ.go:464.17,466.4 1 0
github.com/nexg/pg-flux/pkg/differ/differ.go:467.3,468.23 2 1
github.com/nexg/pg-flux/pkg/differ/differ.go:468.23,470.4 1 1
github.com/nexg/pg-flux/pkg/differ/differ.go:470.9,472.4 1 0
github.com/nexg/pg-flux/pkg/differ/differ.go:473.3,478.5 1 1
github.com/nexg/pg-flux/pkg/differ/differ.go:479.33,480.19 1 1
github.com/nexg/pg-flux/pkg/differ/differ.go:480.19,482.4 1 0
github.com/nexg/pg-flux/pkg/differ/differ.go:483.3,483.120 1 1
github.com/nexg/pg-flux/pkg/differ/differ.go:484.31,485.19 1 0
github.com/nexg/pg-flux/pkg/differ/differ.go:485.19,487.4 1 0
github.com/nexg/pg-flux/pkg/differ/differ.go:488.3,494.5 2 0
github.com/nexg/pg-flux/pkg/differ/differ.go:495.34,496.19 1 0
github.com/nexg/pg-flux/pkg/differ/differ.go:496.19,498.4 1 0
github.com/nexg/pg-flux/pkg/differ/differ.go:499.3,500.16 2 0
github.com/nexg/pg-flux/pkg/differ/differ.go:500.16,502.4 1 0
github.com/nexg/pg-flux/pkg/differ/differ.go:503.3,506.5 1 0
github.com/nexg/pg-flux/pkg/differ/differ.go:507.32,508.38 1 0
github.com/nexg/pg-flux/pkg/differ/differ.go:508.38,510.4 1 0
github.com/nexg/pg-flux/pkg/differ/differ.go:511.3,512.39 2 0
github.com/nexg/pg-flux/pkg/differ/differ.go:512.39,514.4 1 0
github.com/nexg/pg-flux/pkg/differ/differ.go:515.3,521.5 2 0
github.com/nexg/pg-flux/pkg/differ/differ.go:522.34,523.61 1 1
github.com/nexg/pg-flux/pkg/differ/differ.go:523.61,525.4 1 0
github.com/nexg/pg-flux/pkg/differ/differ.go:526.3,528.25 3 1
github.com/nexg/pg-flux/pkg/differ/differ.go:528.25,530.4 1 1
github.com/nexg/pg-flux/pkg/differ/differ.go:531.3,534.5 1 1
github.com/nexg/pg-flux/pkg/differ/differ.go:535.25,536.40 1 1
github.com/nexg/pg-flux/pkg/differ/differ.go:536.40,538.4 1 0
github.com/nexg/pg-flux/pkg/differ/differ.go:539.3,544.5 1 1
github.com/nexg/pg-flux/pkg/differ/differ.go:545.32,546.20 1 0
github.com/nexg/pg-flux/pkg/differ/differ.go:546.20,548.4 1 0
github.com/nexg/pg-flux/pkg/differ/differ.go:549.3,550.85 2 0
github.com/nexg/pg-flux/pkg/differ/differ.go:551.30,552.20 1 0
github.com/nexg/pg-flux/pkg/differ/differ.go:552.20,554.4 1 0
github.com/nexg/pg-flux/pkg/differ/differ.go:555.3,561.5 2 0
github.com/nexg/pg-flux/pkg/differ/differ.go:563.2,563.12 1 0
github.com/nexg/pg-flux/pkg/differ/differ.go:566.43,569.14 3 1
github.com/nexg/pg-flux/pkg/differ/differ.go:569.14,571.3 1 1
github.com/nexg/pg-flux/pkg/differ/differ.go:572.2,572.21 1 1
github.com/nexg/pg-flux/pkg/differ/differ.go:573.14,579.5 2 1
github.com/nexg/pg-flux/pkg/differ/differ.go:580.17,581.16 1 1
github.com/nexg/pg-flux/pkg/differ/differ.go:581.16,585.4 3 1
github.com/nexg/pg-flux/pkg/differ/differ.go:585.9,588.4 2 1
github.com/nexg/pg-flux/pkg/differ/differ.go:589.13,591.25 2 1
github.com/nexg/pg-flux/pkg/differ/differ.go:591.25,593.4 1 1
github.com/nexg/pg-flux/pkg/differ/differ.go:593.9,595.4 1 1
github.com/nexg/pg-flux/pkg/differ/differ.go:596.3,596.71 1 1
github.com/nexg/pg-flux/pkg/differ/differ.go:598.2,598.12 1 1
github.com/nexg/pg-flux/pkg/differ/differ.go:601.45,602.14 1 1
github.com/nexg/pg-flux/pkg/differ/differ.go:602.14,604.3 1 0
github.com/nexg/pg-flux/pkg/differ/differ.go:605.2,607.30 3 1
github.com/nexg/pg-flux/pkg/differ/differ.go:607.30,608.15 1 1
github.com/nexg/pg-flux/pkg/differ/differ.go:608.15,609.12 1 0
github.com/nexg/pg-flux/pkg/differ/differ.go:611.3,611.12 1 1
github.com/nexg/pg-flux/pkg/differ/differ.go:611.12,613.4 1 1
github.com/nexg/pg-flux/pkg/differ/differ.go:614.3,615.25 2 1
github.com/nexg/pg-flux/pkg/differ/differ.go:615.25,617.4 1 1
github.com/nexg/pg-flux/pkg/differ/differ.go:618.3,618.21 1 1
github.com/nexg/pg-flux/pkg/differ/differ.go:618.21,620.4 1 1
github.com/nexg/pg-flux/pkg/differ/differ.go:620.9,620.23 1 1
github.com/nexg/pg-flux/pkg/differ/differ.go:620.23,622.4 1 1
github.com/nexg/pg-flux/pkg/differ/differ.go:624.2,624.30 1 1
github.com/nexg/pg-flux/pkg/differ/differ.go:624.30,625.16 1 1
github.com/nexg/pg-flux/pkg/differ/differ.go:625.16,626.12 1 0
github.com/nexg/pg-flux/pkg/differ/differ.go:628.3,628.70 1 1
github.com/nexg/pg-flux/pkg/differ/differ.go:630.2,630.30 1 1
github.com/nexg/pg-flux/pkg/differ/differ.go:630.30,631.15 1 1
github.com/nexg/pg-flux/pkg/differ/differ.go:631.15,632.12 1 0
github.com/nexg/pg-flux/pkg/differ/differ.go:634.3,634.68 1 1
github.com/nexg/pg-flux/pkg/differ/differ.go:636.2,636.32 1 1
github.com/nexg/pg-flux/pkg/differ/differ.go:636.32,637.16 1 1
github.com/nexg/pg-flux/pkg/differ/differ.go:637.16,638.12 1 0
github.com/nexg/pg-flux/pkg/differ/differ.go:640.3,640.70 1 1
github.com/nexg/pg-flux/pkg/differ/differ.go:642.2,642.35 1 1
github.com/nexg/pg-flux/pkg/differ/differ.go:642.35,643.16 1 1
github.com/nexg/pg-flux/pkg/differ/differ.go:643.16,644.12 1 0
github.com/nexg/pg-flux/pkg/differ/differ.go:646.3,646.70 1 1
github.com/nexg/pg-flux/pkg/differ/differ.go:648.2,649.19 2 1
github.com/nexg/pg-flux/pkg/differ/differ.go:652.29,653.13 1 1
github.com/nexg/pg-flux/pkg/differ/differ.go:653.13,655.3 1 1
github.com/nexg/pg-flux/pkg/differ/differ.go:656.2,656.22 1 1
github.com/nexg/pg-flux/pkg/differ/differ.go:656.22,657.63 1 1
github.com/nexg/pg-flux/pkg/differ/differ.go:657.63,659.4 1 1
github.com/nexg/pg-flux/pkg/differ/differ.go:661.2,661.10 1 1
github.com/nexg/pg-flux/pkg/differ/differ.go:664.38,667.2 2 1
github.com/nexg/pg-flux/pkg/differ/differ.go:669.52,671.27 2 1
github.com/nexg/pg-flux/pkg/differ/differ.go:671.27,672.34 1 1
github.com/nexg/pg-flux/pkg/differ/differ.go:672.34,674.4 1 0
github.com/nexg/pg-flux/pkg/differ/differ.go:675.3,675.55 1 1
github.com/nexg/pg-flux/pkg/differ/differ.go:675.55,677.4 1 1
github.com/nexg/pg-flux/pkg/differ/differ.go:681.69,682.18 1 1
github.com/nexg/pg-flux/pkg/differ/differ.go:682.18,684.3 1 0
github.com/nexg/pg-flux/pkg/differ/differ.go:685.2,685.66 1 1
github.com/nexg/pg-flux/pkg/differ/differ.go:685.66,687.3 1 1
github.com/nexg/pg-flux/pkg/differ/differ.go:688.2,690.27 3 1
github.com/nexg/pg-flux/pkg/differ/differ.go:690.27,691.33 1 1
github.com/nexg/pg-flux/pkg/differ/differ.go:691.33,693.12 2 0
github.com/nexg/pg-flux/pkg/differ/differ.go:695.3,696.49 2 1
github.com/nexg/pg-flux/pkg/differ/differ.go:696.49,698.12 2 0
github.com/nexg/pg-flux/pkg/differ/differ.go:702.3,702.49 1 1
github.com/nexg/pg-flux/pkg/differ/differ.go:702.49,703.68 1 1
github.com/nexg/pg-flux/pkg/differ/differ.go:703.68,705.5 1 1
github.com/nexg/pg-flux/pkg/differ/differ.go:706.4,706.14 1 0
github.com/nexg/pg-flux/pkg/differ/differ.go:708.3,749.17 10 1
github.com/nexg/pg-flux/pkg/differ/differ.go:751.2,751.13 1 1
github.com/nexg/pg-flux/pkg/differ/differ.go:751.13,753.3 1 1
github.com/nexg/pg-flux/pkg/differ/differ.go:756.36,757.20 1 1
github.com/nexg/pg-flux/pkg/differ/differ.go:757.20,760.27 3 1
github.com/nexg/pg-flux/pkg/differ/differ.go:760.27,762.4 1 1
github.com/nexg/pg-flux/pkg/differ/differ.go:762.9,764.4 1 1
github.com/nexg/pg-flux/pkg/differ/differ.go:769.48,771.13 2 1
github.com/nexg/pg-flux/pkg/differ/differ.go:771.13,773.3 1 0
github.com/nexg/pg-flux/pkg/differ/differ.go:774.2,775.45 2 1
github.com/nexg/pg-flux/pkg/differ/differ.go:775.45,777.3 1 0
github.com/nexg/pg-flux/pkg/differ/differ.go:778.2,778.54 1 1
github.com/nexg/pg-flux/pkg/differ/differ.go:778.54,780.3 1 1
github.com/nexg/pg-flux/pkg/differ/differ.go:781.2,781.47 1 1
github.com/nexg/pg-flux/pkg/differ/differ.go:781.47,783.3 1 1
github.com/nexg/pg-flux/pkg/differ/differ.go:784.2,784.10 1 1
github.com/nexg/pg-flux/pkg/differ/more_diff.go:10.44,11.14 1 1
github.com/nexg/pg-flux/pkg/differ/more_diff.go:11.14,13.3 1 0
github.com/nexg/pg-flux/pkg/differ/more_diff.go:14.2,14.20 1 1
github.com/nexg/pg-flux/pkg/differ/more_diff.go:14.20,16.3 1 1
github.com/nexg/pg-flux/pkg/differ/more_diff.go:17.2,17.24 1 1
github.com/nexg/pg-flux/pkg/differ/more_diff.go:17.24,19.3 1 1
github.com/nexg/pg-flux/pkg/differ/more_diff.go:20.2,20.23 1 1
github.com/nexg/pg-flux/pkg/differ/more_diff.go:20.23,22.3 1 1
github.com/nexg/pg-flux/pkg/differ/more_diff.go:25.36,29.2 3 1
github.com/nexg/pg-flux/pkg/differ/more_diff.go:31.58,33.28 2 1
github.com/nexg/pg-flux/pkg/differ/more_diff.go:33.28,35.3 1 1
github.com/nexg/pg-flux/pkg/differ/more_diff.go:36.2,37.30 2 1
github.com/nexg/pg-flux/pkg/differ/more_diff.go:37.30,38.15 1 1
github.com/nexg/pg-flux/pkg/differ/more_diff.go:38.15,39.12 1 0
github.com/nexg/pg-flux/pkg/differ/more_diff.go:41.3,41.57 1 1
github.com/nexg/pg-flux/pkg/differ/more_diff.go:43.2,43.35 1 1
github.com/nexg/pg-flux/pkg/differ/more_diff.go:43.35,44.15 1 0
github.com/nexg/pg-flux/pkg/differ/more_diff.go:44.15,45.12 1 0
github.com/nexg/pg-flux/pkg/differ/more_diff.go:47.3,47.57 1 0
github.com/nexg/pg-flux/pkg/differ/more_diff.go:49.2,49.31 1 1
github.com/nexg/pg-flux/pkg/differ/more_diff.go:49.31,50.15 1 0
github.com/nexg/pg-flux/pkg/differ/more_diff.go:50.15,51.12 1 0
github.com/nexg/pg-flux/pkg/differ/more_diff.go:53.3,53.57 1 0
github.com/nexg/pg-flux/pkg/differ/more_diff.go:55.2,55.32 1 1
github.com/nexg/pg-flux/pkg/differ/more_diff.go:55.32,56.15 1 0
github.com/nexg/pg-flux/pkg/differ/more_diff.go:56.15,57.12 1 0
github.com/nexg/pg-flux/pkg/differ/more_diff.go:59.3,59.57 1 0
github.com/nexg/pg-flux/pkg/differ/more_diff.go:61.2,62.30 2 1
github.com/nexg/pg-flux/pkg/differ/more_diff.go:62.30,63.15 1 1
github.com/nexg/pg-flux/pkg/differ/more_diff.go:63.15,64.12 1 0
github.com/nexg/pg-flux/pkg/differ/more_diff.go:66.3,66.57 1 1
github.com/nexg/pg-flux/pkg/differ/more_diff.go:68.2,68.35 1 1
github.com/nexg/pg-flux/pkg/differ/more_diff.go:68.35,69.15 1 0
github.com/nexg/pg-flux/pkg/differ/more_diff.go:69.15,70.12 1 0
github.com/nexg/pg-flux/pkg/differ/more_diff.go:72.3,72.57 1 0
github.com/nexg/pg-flux/pkg/differ/more_diff.go:74.2,74.31 1 1
github.com/nexg/pg-flux/pkg/differ/more_diff.go:74.31,75.15 1 0
github.com/nexg/pg-flux/pkg/differ/more_diff.go:75.15,76.12 1 0
github.com/nexg/pg-flux/pkg/differ/more_diff.go:78.3,78.57 1 0
github.com/nexg/pg-flux/pkg/differ/more_diff.go:80.2,80.32 1 1
github.com/nexg/pg-flux/pkg/differ/more_diff.go:80.32,81.15 1 0
github.com/nexg/pg-flux/pkg/differ/more_diff.go:81.15,82.12 1 0
github.com/nexg/pg-flux/pkg/differ/more_diff.go:84.3,84.57 1 0
github.com/nexg/pg-flux/pkg/differ/more_diff.go:86.2,86.24 1 1
github.com/nexg/pg-flux/pkg/differ/more_diff.go:86.24,87.27 1 1
github.com/nexg/pg-flux/pkg/differ/more_diff.go:87.27,96.4 1 1
github.com/nexg/pg-flux/pkg/differ/more_diff.go:96.9,97.132 1 0
github.com/nexg/pg-flux/pkg/differ/more_diff.go:97.132,114.5 2 0
github.com/nexg/pg-flux/pkg/differ/more_diff.go:117.2,117.24 1 1
github.com/nexg/pg-flux/pkg/differ/more_diff.go:117.24,118.26 1 1
github.com/nexg/pg-flux/pkg/differ/more_diff.go:118.26,127.4 1 1
github.com/nexg/pg-flux/pkg/differ/more_diff.go:129.2,129.12 1 1
github.com/nexg/pg-flux/pkg/differ/more_diff.go:132.51,136.29 4 1
github.com/nexg/pg-flux/pkg/differ/more_diff.go:136.29,137.16 1 1
github.com/nexg/pg-flux/pkg/differ/more_diff.go:137.16,138.12 1 0
github.com/nexg/pg-flux/pkg/differ/more_diff.go:140.3,141.16 2 1
github.com/nexg/pg-flux/pkg/differ/more_diff.go:141.16,143.12 2 1
github.com/nexg/pg-flux/pkg/differ/more_diff.go:145.3,145.81 1 0
github.com/nexg/pg-flux/pkg/differ/more_diff.go:145.81,148.4 2 0
github.com/nexg/pg-flux/pkg/differ/more_diff.go:150.2,150.29 1 1
github.com/nexg/pg-flux/pkg/differ/more_diff.go:150.29,151.16 1 0
github.com/nexg/pg-flux/pkg/differ/more_diff.go:151.16,152.12 1 0
github.com/nexg/pg-flux/pkg/differ/more_diff.go:154.3,154.24 1 0
github.com/nexg/pg-flux/pkg/differ/more_diff.go:154.24,156.4 1 0
github.com/nexg/pg-flux/pkg/differ/more_diff.go:158.2,158.12 1 1
github.com/nexg/pg-flux/pkg/differ/more_diff.go:161.55,165.33 4 1
github.com/nexg/pg-flux/pkg/differ/more_diff.go:165.33,166.16 1 1
github.com/nexg/pg-flux/pkg/differ/more_diff.go:166.16,167.12 1 0
github.com/nexg/pg-flux/pkg/differ/more_diff.go:169.3,170.16 2 1
github.com/nexg/pg-flux/pkg/differ/more_diff.go:170.16,172.12 2 1
github.com/nexg/pg-flux/pkg/differ/more_diff.go:174.3,174.57 1 0
github.com/nexg/pg-flux/pkg/differ/more_diff.go:174.57,177.4 2 0
github.com/nexg/pg-flux/pkg/differ/more_diff.go:179.2,179.33 1 1
github.com/nexg/pg-flux/pkg/differ/more_diff.go:179.33,180.16 1 0
github.com/nexg/pg-flux/pkg/differ/more_diff.go:180.16,181.12 1 0
github.com/nexg/pg-flux/pkg/differ/more_diff.go:183.3,183.28 1 0
github.com/nexg/pg-flux/pkg/differ/more_diff.go:183.28,185.4 1 0
github.com/nexg/pg-flux/pkg/differ/more_diff.go:187.2,187.12 1 1
github.com/nexg/pg-flux/pkg/differ/more_diff.go:190.54,194.32 4 1
github.com/nexg/pg-flux/pkg/differ/more_diff.go:194.32,195.16 1 1
github.com/nexg/pg-flux/pkg/differ/more_diff.go:195.16,196.12 1 0
github.com/nexg/pg-flux/pkg/differ/more_diff.go:198.3,199.17 2 1
github.com/nexg/pg-flux/pkg/differ/more_diff.go:199.17,201.12 2 1
github.com/nexg/pg-flux/pkg/differ/more_diff.go:203.3,203.82 1 0
github.com/nexg/pg-flux/pkg/differ/more_diff.go:203.82,206.4 2 0
github.com/nexg/pg-flux/pkg/differ/more_diff.go:208.2,208.33 1 1
github.com/nexg/pg-flux/pkg/differ/more_diff.go:208.33,209.17 1 0
github.com/nexg/pg-flux/pkg/differ/more_diff.go:209.17,210.12 1 0
github.com/nexg/pg-flux/pkg/differ/more_diff.go:212.3,212.27 1 0
github.com/nexg/pg-flux/pkg/differ/more_diff.go:212.27,214.4 1 0
github.com/nexg/pg-flux/pkg/differ/more_diff.go:216.2,216.12 1 1
github.com/nexg/pg-flux/pkg/differ/viewrank.go:15.55,16.36 1 1
github.com/nexg/pg-flux/pkg/differ/viewrank.go:16.36,18.3 1 1
github.com/nexg/pg-flux/pkg/differ/viewrank.go:19.2,20.30 2 1
github.com/nexg/pg-flux/pkg/differ/viewrank.go:20.30,21.15 1 1
github.com/nexg/pg-flux/pkg/differ/viewrank.go:21.15,22.12 1 0
github.com/nexg/pg-flux/pkg/differ/viewrank.go:24.3,24.25 1 1
github.com/nexg/pg-flux/pkg/differ/viewrank.go:26.2,29.25 3 1
github.com/nexg/pg-flux/pkg/differ/viewrank.go:29.25,31.15 2 1
github.com/nexg/pg-flux/pkg/differ/viewrank.go:31.15,32.12 1 0
github.com/nexg/pg-flux/pkg/differ/viewrank.go:34.3,35.70 2 1
github.com/nexg/pg-flux/pkg/differ/viewrank.go:35.70,36.20 1 1
github.com/nexg/pg-flux/pkg/differ/viewrank.go:36.20,37.13 1 0
github.com/nexg/pg-flux/pkg/differ/viewrank.go:39.4,41.34 3 1
github.com/nexg/pg-flux/pkg/differ/viewrank.go:41.34,44.5 2 0
github.com/nexg/pg-flux/pkg/differ/viewrank.go:44.10,47.5 1 1
github.com/nexg/pg-flux/pkg/differ/viewrank.go:48.4,48.28 1 1
github.com/nexg/pg-flux/pkg/differ/viewrank.go:48.28,50.5 1 1
github.com/nexg/pg-flux/pkg/differ/viewrank.go:52.3,52.13 1 1
github.com/nexg/pg-flux/pkg/differ/viewrank.go:55.2,57.46 3 1
github.com/nexg/pg-flux/pkg/differ/viewrank.go:57.46,59.26 2 1
github.com/nexg/pg-flux/pkg/differ/viewrank.go:59.26,61.26 2 1
github.com/nexg/pg-flux/pkg/differ/viewrank.go:61.26,62.43 1 1
github.com/nexg/pg-flux/pkg/differ/viewrank.go:62.43,64.6 1 0
github.com/nexg/pg-flux/pkg/differ/viewrank.go:66.4,66.23 1 1
github.com/nexg/pg-flux/pkg/differ/viewrank.go:66.23,69.5 2 0
github.com/nexg/pg-flux/pkg/differ/viewrank.go:72.2,72.13 1 1
