mode: set
github.com/nexg/pg-flux/pkg/exec/apply.go:30.93,31.40 1 1
github.com/nexg/pg-flux/pkg/exec/apply.go:31.40,33.3 1 1
github.com/nexg/pg-flux/pkg/exec/apply.go:34.2,34.14 1 1
github.com/nexg/pg-flux/pkg/exec/apply.go:34.14,36.3 1 1
github.com/nexg/pg-flux/pkg/exec/apply.go:37.2,37.25 1 1
github.com/nexg/pg-flux/pkg/exec/apply.go:37.25,39.3 1 1
github.com/nexg/pg-flux/pkg/exec/apply.go:40.2,40.46 1 1
github.com/nexg/pg-flux/pkg/exec/apply.go:40.46,42.3 1 0
github.com/nexg/pg-flux/pkg/exec/apply.go:43.2,43.79 1 1
github.com/nexg/pg-flux/pkg/exec/apply.go:43.79,45.3 1 0
github.com/nexg/pg-flux/pkg/exec/apply.go:46.2,47.22 2 1
github.com/nexg/pg-flux/pkg/exec/apply.go:47.22,49.3 1 0
github.com/nexg/pg-flux/pkg/exec/apply.go:50.2,54.16 4 1
github.com/nexg/pg-flux/pkg/exec/apply.go:54.16,56.3 1 0
github.com/nexg/pg-flux/pkg/exec/apply.go:57.2,63.15 4 1
github.com/nexg/pg-flux/pkg/exec/apply.go:63.15,64.19 1 1
github.com/nexg/pg-flux/pkg/exec/apply.go:64.19,67.4 1 1
github.com/nexg/pg-flux/pkg/exec/apply.go:70.2,71.33 2 1
github.com/nexg/pg-flux/pkg/exec/apply.go:71.33,72.18 1 1
github.com/nexg/pg-flux/pkg/exec/apply.go:72.18,73.12 1 0
github.com/nexg/pg-flux/pkg/exec/apply.go:75.3,75.21 1 1
github.com/nexg/pg-flux/pkg/exec/apply.go:75.21,77.4 1 0
github.com/nexg/pg-flux/pkg/exec/apply.go:77.9,79.4 1 1
github.com/nexg/pg-flux/pkg/exec/apply.go:82.2,82.28 1 1
github.com/nexg/pg-flux/pkg/exec/apply.go:82.28,83.49 1 1
github.com/nexg/pg-flux/pkg/exec/apply.go:83.49,85.4 1 0
github.com/nexg/pg-flux/pkg/exec/apply.go:86.3,87.102 2 1
github.com/nexg/pg-flux/pkg/exec/apply.go:87.102,90.4 2 0
github.com/nexg/pg-flux/pkg/exec/apply.go:91.3,91.10 1 1
github.com/nexg/pg-flux/pkg/exec/apply.go:91.10,94.4 2 0
github.com/nexg/pg-flux/pkg/exec/apply.go:95.3,96.88 2 1
github.com/nexg/pg-flux/pkg/exec/apply.go:96.88,99.4 2 0
github.com/nexg/pg-flux/pkg/exec/apply.go:100.3,100.31 1 1
github.com/nexg/pg-flux/pkg/exec/apply.go:100.31,101.99 1 0
github.com/nexg/pg-flux/pkg/exec/apply.go:101.99,104.5 2 0
github.com/nexg/pg-flux/pkg/exec/apply.go:106.3,106.35 1 1
github.com/nexg/pg-flux/pkg/exec/apply.go:106.35,107.25 1 1
github.com/nexg/pg-flux/pkg/exec/apply.go:107.25,109.5 1 0
github.com/nexg/pg-flux/pkg/exec/apply.go:110.4,110.48 1 1
github.com/nexg/pg-flux/pkg/exec/apply.go:110.48,113.5 2 0
github.com/nexg/pg-flux/pkg/exec/apply.go:115.3,115.50 1 1
github.com/nexg/pg-flux/pkg/exec/apply.go:115.50,117.4 1 0
github.com/nexg/pg-flux/pkg/exec/apply.go:121.2,121.25 1 1
github.com/nexg/pg-flux/pkg/exec/apply.go:121.25,122.30 1 0
github.com/nexg/pg-flux/pkg/exec/apply.go:122.30,124.103 2 0
github.com/nexg/pg-flux/pkg/exec/apply.go:124.103,126.5 1 0
github.com/nexg/pg-flux/pkg/exec/apply.go:127.4,127.11 1 0
github.com/nexg/pg-flux/pkg/exec/apply.go:127.11,129.5 1 0
github.com/nexg/pg-flux/pkg/exec/apply.go:130.4,130.23 1 0
github.com/nexg/pg-flux/pkg/exec/apply.go:132.3,132.32 1 0
github.com/nexg/pg-flux/pkg/exec/apply.go:132.32,133.25 1 0
github.com/nexg/pg-flux/pkg/exec/apply.go:133.25,135.5 1 0
github.com/nexg/pg-flux/pkg/exec/apply.go:136.4,136.48 1 0
github.com/nexg/pg-flux/pkg/exec/apply.go:136.48,138.5 1 0
github.com/nexg/pg-flux/pkg/exec/apply.go:141.2,141.12 1 1
