mode: set
github.com/nexg/pg-flux/pkg/schema/catalog.go:14.39,16.2 1 1
github.com/nexg/pg-flux/pkg/schema/extended.go:38.40,39.15 1 1
github.com/nexg/pg-flux/pkg/schema/extended.go:39.15,41.3 1 0
github.com/nexg/pg-flux/pkg/schema/extended.go:42.2,42.45 1 1
github.com/nexg/pg-flux/pkg/schema/extended.go:46.42,48.2 1 1
github.com/nexg/pg-flux/pkg/schema/extended.go:54.52,56.20 2 1
github.com/nexg/pg-flux/pkg/schema/extended.go:56.20,58.3 1 0
github.com/nexg/pg-flux/pkg/schema/extended.go:59.2,60.12 2 1
github.com/nexg/pg-flux/pkg/schema/extended.go:60.12,62.3 1 1
github.com/nexg/pg-flux/pkg/schema/extended.go:63.2,63.38 1 1
github.com/nexg/pg-flux/pkg/schema/extended.go:67.45,68.15 1 1
github.com/nexg/pg-flux/pkg/schema/extended.go:68.15,70.3 1 1
github.com/nexg/pg-flux/pkg/schema/extended.go:71.2,71.53 1 1
github.com/nexg/pg-flux/pkg/schema/fkref.go:13.53,14.15 1 1
github.com/nexg/pg-flux/pkg/schema/fkref.go:14.15,16.3 1 0
github.com/nexg/pg-flux/pkg/schema/fkref.go:17.2,18.28 2 1
github.com/nexg/pg-flux/pkg/schema/fkref.go:18.28,20.3 1 0
github.com/nexg/pg-flux/pkg/schema/fkref.go:21.2,24.21 4 1
github.com/nexg/pg-flux/pkg/schema/fkref.go:24.21,26.3 1 1
github.com/nexg/pg-flux/pkg/schema/fkref.go:27.2,27.21 1 1
github.com/nexg/pg-flux/pkg/schema/fkref.go:27.21,29.3 1 1
github.com/nexg/pg-flux/pkg/schema/fkref.go:30.2,30.11 1 0
github.com/nexg/pg-flux/pkg/schema/model.go:22.43,23.18 1 1
github.com/nexg/pg-flux/pkg/schema/model.go:23.18,25.3 1 0
github.com/nexg/pg-flux/pkg/schema/model.go:26.2,26.28 1 1
github.com/nexg/pg-flux/pkg/schema/model.go:60.44,61.14 1 1
github.com/nexg/pg-flux/pkg/schema/model.go:61.14,63.3 1 0
github.com/nexg/pg-flux/pkg/schema/model.go:64.2,73.25 2 1
github.com/nexg/pg-flux/pkg/schema/model.go:73.25,75.3 1 1
github.com/nexg/pg-flux/pkg/schema/model.go:76.2,76.28 1 1
github.com/nexg/pg-flux/pkg/schema/model.go:76.28,78.35 2 1
github.com/nexg/pg-flux/pkg/schema/model.go:78.35,79.16 1 1
github.com/nexg/pg-flux/pkg/schema/model.go:79.16,80.13 1 0
github.com/nexg/pg-flux/pkg/schema/model.go:82.4,83.28 2 1
github.com/nexg/pg-flux/pkg/schema/model.go:86.2,86.25 1 1
github.com/nexg/pg-flux/pkg/schema/model.go:86.25,88.34 2 1
github.com/nexg/pg-flux/pkg/schema/model.go:88.34,89.16 1 1
github.com/nexg/pg-flux/pkg/schema/model.go:89.16,90.13 1 0
github.com/nexg/pg-flux/pkg/schema/model.go:92.4,93.27 2 1
github.com/nexg/pg-flux/pkg/schema/model.go:96.2,96.29 1 1
github.com/nexg/pg-flux/pkg/schema/model.go:96.29,97.15 1 1
github.com/nexg/pg-flux/pkg/schema/model.go:97.15,98.12 1 0
github.com/nexg/pg-flux/pkg/schema/model.go:100.3,105.30 3 1
github.com/nexg/pg-flux/pkg/schema/model.go:105.30,106.16 1 1
github.com/nexg/pg-flux/pkg/schema/model.go:106.16,107.13 1 0
github.com/nexg/pg-flux/pkg/schema/model.go:109.4,110.38 2 1
github.com/nexg/pg-flux/pkg/schema/model.go:112.3,112.31 1 1
github.com/nexg/pg-flux/pkg/schema/model.go:112.31,113.16 1 0
github.com/nexg/pg-flux/pkg/schema/model.go:113.16,114.13 1 0
github.com/nexg/pg-flux/pkg/schema/model.go:116.4,117.40 2 0
github.com/nexg/pg-flux/pkg/schema/model.go:119.3,119.32 1 1
github.com/nexg/pg-flux/pkg/schema/model.go:119.32,120.16 1 0
github.com/nexg/pg-flux/pkg/schema/model.go:120.16,121.13 1 0
github.com/nexg/pg-flux/pkg/schema/model.go:123.4,124.42 2 0
github.com/nexg/pg-flux/pkg/schema/model.go:126.3,126.35 1 1
github.com/nexg/pg-flux/pkg/schema/model.go:126.35,127.16 1 0
github.com/nexg/pg-flux/pkg/schema/model.go:127.16,128.13 1 0
github.com/nexg/pg-flux/pkg/schema/model.go:130.4,131.48 2 0
github.com/nexg/pg-flux/pkg/schema/model.go:133.3,133.31 1 1
github.com/nexg/pg-flux/pkg/schema/model.go:133.31,134.16 1 1
github.com/nexg/pg-flux/pkg/schema/model.go:134.16,135.13 1 0
github.com/nexg/pg-flux/pkg/schema/model.go:137.4,138.40 2 1
github.com/nexg/pg-flux/pkg/schema/model.go:140.3,140.21 1 1
github.com/nexg/pg-flux/pkg/schema/model.go:142.2,142.31 1 1
github.com/nexg/pg-flux/pkg/schema/model.go:142.31,143.16 1 0
github.com/nexg/pg-flux/pkg/schema/model.go:143.16,144.12 1 0
github.com/nexg/pg-flux/pkg/schema/model.go:146.3,147.22 2 0
github.com/nexg/pg-flux/pkg/schema/model.go:149.2,149.32 1 1
github.com/nexg/pg-flux/pkg/schema/model.go:149.32,150.15 1 0
github.com/nexg/pg-flux/pkg/schema/model.go:150.15,151.12 1 0
github.com/nexg/pg-flux/pkg/schema/model.go:153.3,154.24 2 0
github.com/nexg/pg-flux/pkg/schema/model.go:156.2,156.31 1 1
github.com/nexg/pg-flux/pkg/schema/model.go:156.31,157.15 1 0
github.com/nexg/pg-flux/pkg/schema/model.go:157.15,158.12 1 0
github.com/nexg/pg-flux/pkg/schema/model.go:160.3,162.23 3 0
github.com/nexg/pg-flux/pkg/schema/model.go:164.2,164.28 1 1
github.com/nexg/pg-flux/pkg/schema/model.go:164.28,165.15 1 0
github.com/nexg/pg-flux/pkg/schema/model.go:165.15,166.12 1 0
github.com/nexg/pg-flux/pkg/schema/model.go:168.3,169.20 2 0
github.com/nexg/pg-flux/pkg/schema/model.go:171.2,171.32 1 1
github.com/nexg/pg-flux/pkg/schema/model.go:171.32,172.15 1 0
github.com/nexg/pg-flux/pkg/schema/model.go:172.15,173.12 1 0
github.com/nexg/pg-flux/pkg/schema/model.go:175.3,176.24 2 0
github.com/nexg/pg-flux/pkg/schema/model.go:178.2,178.31 1 1
github.com/nexg/pg-flux/pkg/schema/model.go:178.31,179.15 1 0
github.com/nexg/pg-flux/pkg/schema/model.go:179.15,180.12 1 0
github.com/nexg/pg-flux/pkg/schema/model.go:182.3,183.23 2 0
github.com/nexg/pg-flux/pkg/schema/model.go:185.2,185.12 1 1
github.com/nexg/pg-flux/pkg/schema/model.go:189.51,190.14 1 1
github.com/nexg/pg-flux/pkg/schema/model.go:190.14,192.3 1 1
github.com/nexg/pg-flux/pkg/schema/model.go:193.2,193.30 1 1
github.com/nexg/pg-flux/pkg/schema/model.go:193.30,194.33 1 1
github.com/nexg/pg-flux/pkg/schema/model.go:194.33,196.4 1 1
github.com/nexg/pg-flux/pkg/schema/model.go:198.2,198.12 1 1
github.com/nexg/pg-flux/pkg/schema/model.go:202.40,203.14 1 1
github.com/nexg/pg-flux/pkg/schema/model.go:203.14,205.3 1 1
github.com/nexg/pg-flux/pkg/schema/model.go:206.2,207.30 2 1
github.com/nexg/pg-flux/pkg/schema/model.go:207.30,208.15 1 1
github.com/nexg/pg-flux/pkg/schema/model.go:208.15,210.4 1 1
github.com/nexg/pg-flux/pkg/schema/model.go:212.2,212.12 1 1
github.com/nexg/pg-flux/pkg/schema/moreobj.go:48.53,49.15 1 0
github.com/nexg/pg-flux/pkg/schema/moreobj.go:49.15,51.3 1 0
github.com/nexg/pg-flux/pkg/schema/moreobj.go:52.2,52.60 1 0
github.com/nexg/pg-flux/pkg/schema/moreobj.go:56.39,57.15 1 1
github.com/nexg/pg-flux/pkg/schema/moreobj.go:57.15,59.3 1 0
github.com/nexg/pg-flux/pkg/schema/moreobj.go:60.2,60.28 1 1
github.com/nexg/pg-flux/pkg/schema/moreobj.go:64.38,64.67 1 1
github.com/nexg/pg-flux/pkg/schema/moreobj.go:67.45,68.15 1 1
github.com/nexg/pg-flux/pkg/schema/moreobj.go:68.15,70.3 1 1
github.com/nexg/pg-flux/pkg/schema/moreobj.go:71.2,71.55 1 1
github.com/nexg/pg-flux/pkg/schema/normtype.go:12.47,15.13 3 1
github.com/nexg/pg-flux/pkg/schema/normtype.go:15.13,17.3 1 0
github.com/nexg/pg-flux/pkg/schema/normtype.go:19.2,21.11 2 1
github.com/nexg/pg-flux/pkg/schema/normtype.go:22.41,23.20 1 0
github.com/nexg/pg-flux/pkg/schema/normtype.go:24.53,25.19 1 1
github.com/nexg/pg-flux/pkg/schema/normtype.go:26.48,27.18 1 0
github.com/nexg/pg-flux/pkg/schema/normtype.go:28.16,29.16 1 0
github.com/nexg/pg-flux/pkg/schema/normtype.go:30.25,31.28 1 1
github.com/nexg/pg-flux/pkg/schema/normtype.go:32.25,33.19 1 1
github.com/nexg/pg-flux/pkg/schema/normtype.go:36.2,36.82 1 1
github.com/nexg/pg-flux/pkg/schema/normtype.go:36.82,38.3 1 0
github.com/nexg/pg-flux/pkg/schema/normtype.go:39.2,39.10 1 1
github.com/nexg/pg-flux/pkg/schema/normtype.go:43.49,45.13 2 1
github.com/nexg/pg-flux/pkg/schema/normtype.go:45.13,47.3 1 0
github.com/nexg/pg-flux/pkg/schema/normtype.go:48.2,51.30 4 1
github.com/nexg/pg-flux/pkg/schema/normtype.go:51.30,53.12 2 1
github.com/nexg/pg-flux/pkg/schema/normtype.go:54.12,55.11 1 0
github.com/nexg/pg-flux/pkg/schema/normtype.go:56.12,57.17 1 0
github.com/nexg/pg-flux/pkg/schema/normtype.go:57.17,59.5 1 0
github.com/nexg/pg-flux/pkg/schema/normtype.go:60.12,61.18 1 1
github.com/nexg/pg-flux/pkg/schema/normtype.go:61.18,64.13 3 1
github.com/nexg/pg-flux/pkg/schema/normtype.go:67.3,67.17 1 1
github.com/nexg/pg-flux/pkg/schema/normtype.go:69.2,69.17 1 1
github.com/nexg/pg-flux/pkg/schema/normtype.go:69.17,71.3 1 1
github.com/nexg/pg-flux/pkg/schema/normtype.go:72.2,72.12 1 1
github.com/nexg/pg-flux/pkg/schema/normtype.go:77.69,79.15 2 1
github.com/nexg/pg-flux/pkg/schema/normtype.go:79.15,81.3 1 0
github.com/nexg/pg-flux/pkg/schema/normtype.go:82.2,84.66 3 1
github.com/nexg/pg-flux/pkg/schema/normtype.go:84.66,86.3 1 0
github.com/nexg/pg-flux/pkg/schema/normtype.go:87.2,87.26 1 1
github.com/nexg/pg-flux/pkg/schema/normtype.go:87.26,92.3 4 1
github.com/nexg/pg-flux/pkg/schema/normtype.go:93.2,93.63 1 1
github.com/nexg/pg-flux/pkg/schema/normtype.go:96.47,98.54 2 1
github.com/nexg/pg-flux/pkg/schema/normtype.go:98.54,100.40 2 0
github.com/nexg/pg-flux/pkg/schema/normtype.go:100.40,102.4 1 0
github.com/nexg/pg-flux/pkg/schema/normtype.go:104.2,104.10 1 1
